# JRE version: OpenJDK Runtime Environment Temurin-21.0.8+9 (21.0.8+9) (build 21.0.8+9-LTS)
# Java VM: OpenJDK 64-Bit Server VM Temurin-21.0.8+9 (21.0.8+9-LTS, mixed mode, sharing, tiered, compressed oops, compressed class ptrs, parallel gc, windows-amd64)
GC Precious Log:
 CardTable entry size: 512
 CPUs: 8 total, 8 available
 Memory: 3719M
 Large Page Support: Disabled
 NUMA Support: Disabled
 Compressed Oops: Enabled (32-bit)
 Alignments: Space 512K, Generation 512K, Heap 2M
 Heap Min Capacity: 100M
 Heap Initial Capacity: 100M
 Heap Max Capacity: 2G
 Pre-touch: Disabled
 Parallel Workers: 8
Heap:
 PSYoungGen      total 24576K, used 21820K [0x00000000d5580000, 0x00000000d7380000, 0x0000000100000000)
  eden space 22016K, 88% used [0x00000000d5580000,0x00000000d686f008,0x00000000d6b00000)
  from space 2560K, 95% used [0x00000000d7000000,0x00000000d7260010,0x00000000d7280000)
  to   space 1024K, 0% used [0x00000000d7280000,0x00000000d7280000,0x00000000d7380000)
 ParOldGen       total 68608K, used 42201K [0x0000000080000000, 0x0000000084300000, 0x00000000d5580000)
  object space 68608K, 61% used [0x0000000080000000,0x0000000082936478,0x0000000084300000)
 Metaspace       used 49166K, committed 50560K, reserved 1114112K
  class space    used 5324K, committed 5952K, reserved 1048576K
GC Heap History (20 events):
Event: 111.430 GC heap after
{Heap after GC invocations=16 (full 2):
 PSYoungGen      total 22528K, used 0K [0x00000000d5580000, 0x00000000d7080000, 0x0000000100000000)
  eden space 22016K, 0% used [0x00000000d5580000,0x00000000d5580000,0x00000000d6b00000)
  from space 512K, 0% used [0x00000000d7000000,0x00000000d7000000,0x00000000d7080000)
  to   space 1024K, 0% used [0x00000000d6e80000,0x00000000d6e80000,0x00000000d6f80000)
 ParOldGen       total 68608K, used 18314K [0x0000000080000000, 0x0000000084300000, 0x00000000d5580000)
  object space 68608K, 26% used [0x0000000080000000,0x00000000811e2b18,0x0000000084300000)
 Metaspace       used 34924K, committed 35840K, reserved 1114112K
  class space    used 3645K, committed 4032K, reserved 1048576K
}
Event: 113.736 GC heap before
{Heap before GC invocations=17 (full 2):
 PSYoungGen      total 22528K, used 22016K [0x00000000d5580000, 0x00000000d7080000, 0x0000000100000000)
  eden space 22016K, 100% used [0x00000000d5580000,0x00000000d6b00000,0x00000000d6b00000)
  from space 512K, 0% used [0x00000000d7000000,0x00000000d7000000,0x00000000d7080000)
  to   space 1024K, 0% used [0x00000000d6e80000,0x00000000d6e80000,0x00000000d6f80000)
 ParOldGen       total 68608K, used 18314K [0x0000000080000000, 0x0000000084300000, 0x00000000d5580000)
  object space 68608K, 26% used [0x0000000080000000,0x00000000811e2b18,0x0000000084300000)
 Metaspace       used 37621K, committed 38656K, reserved 1114112K
  class space    used 3990K, committed 4416K, reserved 1048576K
}
Event: 113.752 GC heap after
{Heap after GC invocations=17 (full 2):
 PSYoungGen      total 23040K, used 1024K [0x00000000d5580000, 0x00000000d7080000, 0x0000000100000000)
  eden space 22016K, 0% used [0x00000000d5580000,0x00000000d5580000,0x00000000d6b00000)
  from space 1024K, 100% used [0x00000000d6e80000,0x00000000d6f80000,0x00000000d6f80000)
  to   space 1024K, 0% used [0x00000000d6f80000,0x00000000d6f80000,0x00000000d7080000)
 ParOldGen       total 68608K, used 18666K [0x0000000080000000, 0x0000000084300000, 0x00000000d5580000)
  object space 68608K, 27% used [0x0000000080000000,0x000000008123ab28,0x0000000084300000)
 Metaspace       used 37621K, committed 38656K, reserved 1114112K
  class space    used 3990K, committed 4416K, reserved 1048576K
}
Event: 115.165 GC heap before
{Heap before GC invocations=18 (full 2):
 PSYoungGen      total 23040K, used 23040K [0x00000000d5580000, 0x00000000d7080000, 0x0000000100000000)
  eden space 22016K, 100% used [0x00000000d5580000,0x00000000d6b00000,0x00000000d6b00000)
  from space 1024K, 100% used [0x00000000d6e80000,0x00000000d6f80000,0x00000000d6f80000)
  to   space 1024K, 0% used [0x00000000d6f80000,0x00000000d6f80000,0x00000000d7080000)
 ParOldGen       total 68608K, used 18666K [0x0000000080000000, 0x0000000084300000, 0x00000000d5580000)
  object space 68608K, 27% used [0x0000000080000000,0x000000008123ab28,0x0000000084300000)
 Metaspace       used 40132K, committed 41216K, reserved 1114112K
  class space    used 4310K, committed 4736K, reserved 1048576K
}
Event: 115.180 GC heap after
{Heap after GC invocations=18 (full 2):
 PSYoungGen      total 23040K, used 1021K [0x00000000d5580000, 0x00000000d7100000, 0x0000000100000000)
  eden space 22016K, 0% used [0x00000000d5580000,0x00000000d5580000,0x00000000d6b00000)
  from space 1024K, 99% used [0x00000000d6f80000,0x00000000d707f6e0,0x00000000d7080000)
  to   space 3072K, 0% used [0x00000000d6b00000,0x00000000d6b00000,0x00000000d6e00000)
 ParOldGen       total 68608K, used 20227K [0x0000000080000000, 0x0000000084300000, 0x00000000d5580000)
  object space 68608K, 29% used [0x0000000080000000,0x00000000813c0e50,0x0000000084300000)
 Metaspace       used 40132K, committed 41216K, reserved 1114112K
  class space    used 4310K, committed 4736K, reserved 1048576K
}
Event: 116.920 GC heap before
{Heap before GC invocations=19 (full 2):
 PSYoungGen      total 23040K, used 23037K [0x00000000d5580000, 0x00000000d7100000, 0x0000000100000000)
  eden space 22016K, 100% used [0x00000000d5580000,0x00000000d6b00000,0x00000000d6b00000)
  from space 1024K, 99% used [0x00000000d6f80000,0x00000000d707f6e0,0x00000000d7080000)
  to   space 3072K, 0% used [0x00000000d6b00000,0x00000000d6b00000,0x00000000d6e00000)
 ParOldGen       total 68608K, used 20227K [0x0000000080000000, 0x0000000084300000, 0x00000000d5580000)
  object space 68608K, 29% used [0x0000000080000000,0x00000000813c0e50,0x0000000084300000)
 Metaspace       used 42681K, committed 43904K, reserved 1114112K
  class space    used 4654K, committed 5184K, reserved 1048576K
}
Event: 117.177 GC heap after
{Heap after GC invocations=19 (full 2):
 PSYoungGen      total 24576K, used 2160K [0x00000000d5580000, 0x00000000d7000000, 0x0000000100000000)
  eden space 22016K, 0% used [0x00000000d5580000,0x00000000d5580000,0x00000000d6b00000)
  from space 2560K, 84% used [0x00000000d6b00000,0x00000000d6d1c010,0x00000000d6d80000)
  to   space 2560K, 0% used [0x00000000d6d80000,0x00000000d6d80000,0x00000000d7000000)
 ParOldGen       total 68608K, used 21205K [0x0000000080000000, 0x0000000084300000, 0x00000000d5580000)
  object space 68608K, 30% used [0x0000000080000000,0x00000000814b5488,0x0000000084300000)
 Metaspace       used 42681K, committed 43904K, reserved 1114112K
  class space    used 4654K, committed 5184K, reserved 1048576K
}
Event: 121.142 GC heap before
{Heap before GC invocations=20 (full 2):
 PSYoungGen      total 24576K, used 24176K [0x00000000d5580000, 0x00000000d7000000, 0x0000000100000000)
  eden space 22016K, 100% used [0x00000000d5580000,0x00000000d6b00000,0x00000000d6b00000)
  from space 2560K, 84% used [0x00000000d6b00000,0x00000000d6d1c010,0x00000000d6d80000)
  to   space 2560K, 0% used [0x00000000d6d80000,0x00000000d6d80000,0x00000000d7000000)
 ParOldGen       total 68608K, used 21205K [0x0000000080000000, 0x0000000084300000, 0x00000000d5580000)
  object space 68608K, 30% used [0x0000000080000000,0x00000000814b5488,0x0000000084300000)
 Metaspace       used 44844K, committed 46016K, reserved 1114112K
  class space    used 4887K, committed 5376K, reserved 1048576K
}
Event: 121.205 GC heap after
{Heap after GC invocations=20 (full 2):
 PSYoungGen      total 24576K, used 2208K [0x00000000d5580000, 0x00000000d7000000, 0x0000000100000000)
  eden space 22016K, 0% used [0x00000000d5580000,0x00000000d5580000,0x00000000d6b00000)
  from space 2560K, 86% used [0x00000000d6d80000,0x00000000d6fa8000,0x00000000d7000000)
  to   space 2560K, 0% used [0x00000000d6b00000,0x00000000d6b00000,0x00000000d6d80000)
 ParOldGen       total 68608K, used 23163K [0x0000000080000000, 0x0000000084300000, 0x00000000d5580000)
  object space 68608K, 33% used [0x0000000080000000,0x000000008169ed30,0x0000000084300000)
 Metaspace       used 44844K, committed 46016K, reserved 1114112K
  class space    used 4887K, committed 5376K, reserved 1048576K
}
Event: 128.293 GC heap before
{Heap before GC invocations=21 (full 2):
 PSYoungGen      total 24576K, used 24224K [0x00000000d5580000, 0x00000000d7000000, 0x0000000100000000)
  eden space 22016K, 100% used [0x00000000d5580000,0x00000000d6b00000,0x00000000d6b00000)
  from space 2560K, 86% used [0x00000000d6d80000,0x00000000d6fa8000,0x00000000d7000000)
  to   space 2560K, 0% used [0x00000000d6b00000,0x00000000d6b00000,0x00000000d6d80000)
 ParOldGen       total 68608K, used 23163K [0x0000000080000000, 0x0000000084300000, 0x00000000d5580000)
  object space 68608K, 33% used [0x0000000080000000,0x000000008169ed30,0x0000000084300000)
 Metaspace       used 45953K, committed 47232K, reserved 1114112K
  class space    used 5001K, committed 5568K, reserved 1048576K
}
Event: 128.418 GC heap after
{Heap after GC invocations=21 (full 2):
 PSYoungGen      total 24576K, used 2547K [0x00000000d5580000, 0x00000000d8000000, 0x0000000100000000)
  eden space 22016K, 0% used [0x00000000d5580000,0x00000000d5580000,0x00000000d6b00000)
  from space 2560K, 99% used [0x00000000d6b00000,0x00000000d6d7cd90,0x00000000d6d80000)
  to   space 10752K, 0% used [0x00000000d7580000,0x00000000d7580000,0x00000000d8000000)
 ParOldGen       total 68608K, used 29937K [0x0000000080000000, 0x0000000084300000, 0x00000000d5580000)
  object space 68608K, 43% used [0x0000000080000000,0x0000000081d3c5a8,0x0000000084300000)
 Metaspace       used 45953K, committed 47232K, reserved 1114112K
  class space    used 5001K, committed 5568K, reserved 1048576K
}
Event: 135.809 GC heap before
{Heap before GC invocations=22 (full 2):
 PSYoungGen      total 24576K, used 24563K [0x00000000d5580000, 0x00000000d8000000, 0x0000000100000000)
  eden space 22016K, 100% used [0x00000000d5580000,0x00000000d6b00000,0x00000000d6b00000)
  from space 2560K, 99% used [0x00000000d6b00000,0x00000000d6d7cd90,0x00000000d6d80000)
  to   space 10752K, 0% used [0x00000000d7580000,0x00000000d7580000,0x00000000d8000000)
 ParOldGen       total 68608K, used 29937K [0x0000000080000000, 0x0000000084300000, 0x00000000d5580000)
  object space 68608K, 43% used [0x0000000080000000,0x0000000081d3c5a8,0x0000000084300000)
 Metaspace       used 47060K, committed 48384K, reserved 1114112K
  class space    used 5125K, committed 5696K, reserved 1048576K
}
Event: 135.821 GC heap after
{Heap after GC invocations=22 (full 2):
 PSYoungGen      total 23040K, used 896K [0x00000000d5580000, 0x00000000d7680000, 0x0000000100000000)
  eden space 22016K, 0% used [0x00000000d5580000,0x00000000d5580000,0x00000000d6b00000)
  from space 1024K, 87% used [0x00000000d7580000,0x00000000d7660000,0x00000000d7680000)
  to   space 4096K, 0% used [0x00000000d6e80000,0x00000000d6e80000,0x00000000d7280000)
 ParOldGen       total 68608K, used 32537K [0x0000000080000000, 0x0000000084300000, 0x00000000d5580000)
  object space 68608K, 47% used [0x0000000080000000,0x0000000081fc66d8,0x0000000084300000)
 Metaspace       used 47060K, committed 48384K, reserved 1114112K
  class space    used 5125K, committed 5696K, reserved 1048576K
}
Event: 146.284 GC heap before
{Heap before GC invocations=23 (full 2):
 PSYoungGen      total 23040K, used 22912K [0x00000000d5580000, 0x00000000d7680000, 0x0000000100000000)
  eden space 22016K, 100% used [0x00000000d5580000,0x00000000d6b00000,0x00000000d6b00000)
  from space 1024K, 87% used [0x00000000d7580000,0x00000000d7660000,0x00000000d7680000)
  to   space 4096K, 0% used [0x00000000d6e80000,0x00000000d6e80000,0x00000000d7280000)
 ParOldGen       total 68608K, used 32537K [0x0000000080000000, 0x0000000084300000, 0x00000000d5580000)
  object space 68608K, 47% used [0x0000000080000000,0x0000000081fc66d8,0x0000000084300000)
 Metaspace       used 48795K, committed 50112K, reserved 1114112K
  class space    used 5271K, committed 5888K, reserved 1048576K
}
Event: 146.358 GC heap after
{Heap after GC invocations=23 (full 2):
 PSYoungGen      total 26112K, used 2072K [0x00000000d5580000, 0x00000000d7600000, 0x0000000100000000)
  eden space 22016K, 0% used [0x00000000d5580000,0x00000000d5580000,0x00000000d6b00000)
  from space 4096K, 50% used [0x00000000d6e80000,0x00000000d70861d8,0x00000000d7280000)
  to   space 2560K, 0% used [0x00000000d7380000,0x00000000d7380000,0x00000000d7600000)
 ParOldGen       total 68608K, used 33163K [0x0000000080000000, 0x0000000084300000, 0x00000000d5580000)
  object space 68608K, 48% used [0x0000000080000000,0x0000000082062eb0,0x0000000084300000)
 Metaspace       used 48795K, committed 50112K, reserved 1114112K
  class space    used 5271K, committed 5888K, reserved 1048576K
}
Event: 149.299 GC heap before
{Heap before GC invocations=24 (full 2):
 PSYoungGen      total 26112K, used 24088K [0x00000000d5580000, 0x00000000d7600000, 0x0000000100000000)
  eden space 22016K, 100% used [0x00000000d5580000,0x00000000d6b00000,0x00000000d6b00000)
  from space 4096K, 50% used [0x00000000d6e80000,0x00000000d70861d8,0x00000000d7280000)
  to   space 2560K, 0% used [0x00000000d7380000,0x00000000d7380000,0x00000000d7600000)
 ParOldGen       total 68608K, used 33163K [0x0000000080000000, 0x0000000084300000, 0x00000000d5580000)
  object space 68608K, 48% used [0x0000000080000000,0x0000000082062eb0,0x0000000084300000)
 Metaspace       used 49139K, committed 50496K, reserved 1114112K
  class space    used 5324K, committed 5952K, reserved 1048576K
}
Event: 149.346 GC heap after
{Heap after GC invocations=24 (full 2):
 PSYoungGen      total 24576K, used 2513K [0x00000000d5580000, 0x00000000d7600000, 0x0000000100000000)
  eden space 22016K, 0% used [0x00000000d5580000,0x00000000d5580000,0x00000000d6b00000)
  from space 2560K, 98% used [0x00000000d7380000,0x00000000d75f4420,0x00000000d7600000)
  to   space 3072K, 0% used [0x00000000d7000000,0x00000000d7000000,0x00000000d7300000)
 ParOldGen       total 68608K, used 35087K [0x0000000080000000, 0x0000000084300000, 0x00000000d5580000)
  object space 68608K, 51% used [0x0000000080000000,0x0000000082243cc0,0x0000000084300000)
 Metaspace       used 49139K, committed 50496K, reserved 1114112K
  class space    used 5324K, committed 5952K, reserved 1048576K
}
Event: 149.694 GC heap before
{Heap before GC invocations=25 (full 2):
 PSYoungGen      total 24576K, used 24529K [0x00000000d5580000, 0x00000000d7600000, 0x0000000100000000)
  eden space 22016K, 100% used [0x00000000d5580000,0x00000000d6b00000,0x00000000d6b00000)
  from space 2560K, 98% used [0x00000000d7380000,0x00000000d75f4420,0x00000000d7600000)
  to   space 3072K, 0% used [0x00000000d7000000,0x00000000d7000000,0x00000000d7300000)
 ParOldGen       total 68608K, used 35087K [0x0000000080000000, 0x0000000084300000, 0x00000000d5580000)
  object space 68608K, 51% used [0x0000000080000000,0x0000000082243cc0,0x0000000084300000)
 Metaspace       used 49146K, committed 50496K, reserved 1114112K
  class space    used 5324K, committed 5952K, reserved 1048576K
}
Event: 149.702 GC heap after
{Heap after GC invocations=25 (full 2):
 PSYoungGen      total 25088K, used 2690K [0x00000000d5580000, 0x00000000d7400000, 0x0000000100000000)
  eden space 22016K, 0% used [0x00000000d5580000,0x00000000d5580000,0x00000000d6b00000)
  from space 3072K, 87% used [0x00000000d7000000,0x00000000d72a0810,0x00000000d7300000)
  to   space 1024K, 0% used [0x00000000d7300000,0x00000000d7300000,0x00000000d7400000)
 ParOldGen       total 68608K, used 37410K [0x0000000080000000, 0x0000000084300000, 0x00000000d5580000)
  object space 68608K, 54% used [0x0000000080000000,0x00000000824889b8,0x0000000084300000)
 Metaspace       used 49146K, committed 50496K, reserved 1114112K
  class space    used 5324K, committed 5952K, reserved 1048576K
}
Event: 150.859 GC heap before
{Heap before GC invocations=26 (full 2):
 PSYoungGen      total 25088K, used 24706K [0x00000000d5580000, 0x00000000d7400000, 0x0000000100000000)
  eden space 22016K, 100% used [0x00000000d5580000,0x00000000d6b00000,0x00000000d6b00000)
  from space 3072K, 87% used [0x00000000d7000000,0x00000000d72a0810,0x00000000d7300000)
  to   space 1024K, 0% used [0x00000000d7300000,0x00000000d7300000,0x00000000d7400000)
 ParOldGen       total 68608K, used 37410K [0x0000000080000000, 0x0000000084300000, 0x00000000d5580000)
  object space 68608K, 54% used [0x0000000080000000,0x00000000824889b8,0x0000000084300000)
 Metaspace       used 49153K, committed 50496K, reserved 1114112K
  class space    used 5324K, committed 5952K, reserved 1048576K
}

