# JRE version: Java(TM) SE Runtime Environment (17.0.12+8) (build 17.0.12+8-LTS-286)
# Java VM: Java HotSpot(TM) 64-Bit Server VM (17.0.12+8-LTS-286, mixed mode, sharing, tiered, compressed oops, compressed class ptrs, g1 gc, windows-amd64)
GC Precious Log:
 CPUs: 8 total, 8 available
 Memory: 3719M
 Large Page Support: Disabled
 NUMA Support: Disabled
 Compressed Oops: Enabled (32-bit)
 Heap Region Size: 1M
 Heap Min Capacity: 8M
 Heap Initial Capacity: 60M
 Heap Max Capacity: 930M
 Pre-touch: Disabled
 Parallel Workers: 8
 Concurrent Workers: 2
 Concurrent Refinement Workers: 8
 Periodic GC: Disabled
Heap:
 garbage-first heap   total 72704K, used 49179K [0x00000000c5e00000, 0x0000000100000000)
  region size 1024K, 18 young (18432K), 1 survivors (1024K)
 Metaspace       used 73965K, committed 74496K, reserved 1114112K
  class space    used 9998K, committed 10304K, reserved 1048576K
GC Heap History (20 events):
Event: 49.935 GC heap before
{Heap before GC invocations=24 (full 0):
 garbage-first heap   total 56320K, used 44437K [0x00000000c5e00000, 0x0000000100000000)
  region size 1024K, 14 young (14336K), 2 survivors (2048K)
 Metaspace       used 68751K, committed 69376K, reserved 1114112K
  class space    used 9379K, committed 9664K, reserved 1048576K
}
Event: 49.950 GC heap after
{Heap after GC invocations=25 (full 0):
 garbage-first heap   total 56320K, used 33089K [0x00000000c5e00000, 0x0000000100000000)
  region size 1024K, 2 young (2048K), 2 survivors (2048K)
 Metaspace       used 68751K, committed 69376K, reserved 1114112K
  class space    used 9379K, committed 9664K, reserved 1048576K
}
Event: 283.223 GC heap before
{Heap before GC invocations=26 (full 0):
 garbage-first heap   total 60416K, used 44353K [0x00000000c5e00000, 0x0000000100000000)
  region size 1024K, 14 young (14336K), 2 survivors (2048K)
 Metaspace       used 70162K, committed 70784K, reserved 1114112K
  class space    used 9549K, committed 9856K, reserved 1048576K
}
Event: 283.427 GC heap after
{Heap after GC invocations=27 (full 0):
 garbage-first heap   total 60416K, used 33368K [0x00000000c5e00000, 0x0000000100000000)
  region size 1024K, 2 young (2048K), 2 survivors (2048K)
 Metaspace       used 70162K, committed 70784K, reserved 1114112K
  class space    used 9549K, committed 9856K, reserved 1048576K
}
Event: 311.869 GC heap before
{Heap before GC invocations=27 (full 0):
 garbage-first heap   total 60416K, used 34392K [0x00000000c5e00000, 0x0000000100000000)
  region size 1024K, 3 young (3072K), 2 survivors (2048K)
 Metaspace       used 70171K, committed 70784K, reserved 1114112K
  class space    used 9549K, committed 9856K, reserved 1048576K
}
Event: 311.891 GC heap after
{Heap after GC invocations=28 (full 0):
 garbage-first heap   total 60416K, used 33391K [0x00000000c5e00000, 0x0000000100000000)
  region size 1024K, 1 young (1024K), 1 survivors (1024K)
 Metaspace       used 70171K, committed 70784K, reserved 1114112K
  class space    used 9549K, committed 9856K, reserved 1048576K
}
Event: 777.552 GC heap before
{Heap before GC invocations=28 (full 0):
 garbage-first heap   total 60416K, used 48751K [0x00000000c5e00000, 0x0000000100000000)
  region size 1024K, 16 young (16384K), 1 survivors (1024K)
 Metaspace       used 70214K, committed 70848K, reserved 1114112K
  class space    used 9550K, committed 9856K, reserved 1048576K
}
Event: 777.706 GC heap after
{Heap after GC invocations=29 (full 0):
 garbage-first heap   total 60416K, used 33359K [0x00000000c5e00000, 0x0000000100000000)
  region size 1024K, 1 young (1024K), 1 survivors (1024K)
 Metaspace       used 70214K, committed 70848K, reserved 1114112K
  class space    used 9550K, committed 9856K, reserved 1048576K
}
Event: 1264.536 GC heap before
{Heap before GC invocations=30 (full 0):
 garbage-first heap   total 60416K, used 49743K [0x00000000c5e00000, 0x0000000100000000)
  region size 1024K, 17 young (17408K), 1 survivors (1024K)
 Metaspace       used 70260K, committed 70912K, reserved 1114112K
  class space    used 9550K, committed 9856K, reserved 1048576K
}
Event: 1264.641 GC heap after
{Heap after GC invocations=31 (full 0):
 garbage-first heap   total 72704K, used 33378K [0x00000000c5e00000, 0x0000000100000000)
  region size 1024K, 1 young (1024K), 1 survivors (1024K)
 Metaspace       used 70260K, committed 70912K, reserved 1114112K
  class space    used 9550K, committed 9856K, reserved 1048576K
}
Event: 1314.638 GC heap before
{Heap before GC invocations=31 (full 0):
 garbage-first heap   total 72704K, used 35426K [0x00000000c5e00000, 0x0000000100000000)
  region size 1024K, 3 young (3072K), 1 survivors (1024K)
 Metaspace       used 70315K, committed 70912K, reserved 1114112K
  class space    used 9550K, committed 9856K, reserved 1048576K
}
Event: 1314.780 GC heap after
{Heap after GC invocations=32 (full 0):
 garbage-first heap   total 72704K, used 32880K [0x00000000c5e00000, 0x0000000100000000)
  region size 1024K, 1 young (1024K), 1 survivors (1024K)
 Metaspace       used 70315K, committed 70912K, reserved 1114112K
  class space    used 9550K, committed 9856K, reserved 1048576K
}
Event: 1660.291 GC heap before
{Heap before GC invocations=32 (full 0):
 garbage-first heap   total 72704K, used 58480K [0x00000000c5e00000, 0x0000000100000000)
  region size 1024K, 27 young (27648K), 1 survivors (1024K)
 Metaspace       used 73391K, committed 74048K, reserved 1114112K
  class space    used 9989K, committed 10304K, reserved 1048576K
}
Event: 1660.338 GC heap after
{Heap after GC invocations=33 (full 0):
 garbage-first heap   total 72704K, used 33649K [0x00000000c5e00000, 0x0000000100000000)
  region size 1024K, 2 young (2048K), 2 survivors (2048K)
 Metaspace       used 73391K, committed 74048K, reserved 1114112K
  class space    used 9989K, committed 10304K, reserved 1048576K
}
Event: 2177.086 GC heap before
{Heap before GC invocations=34 (full 0):
 garbage-first heap   total 72704K, used 58225K [0x00000000c5e00000, 0x0000000100000000)
  region size 1024K, 27 young (27648K), 2 survivors (2048K)
 Metaspace       used 73637K, committed 74176K, reserved 1114112K
  class space    used 9998K, committed 10304K, reserved 1048576K
}
Event: 2177.262 GC heap after
{Heap after GC invocations=35 (full 0):
 garbage-first heap   total 72704K, used 34566K [0x00000000c5e00000, 0x0000000100000000)
  region size 1024K, 3 young (3072K), 3 survivors (3072K)
 Metaspace       used 73637K, committed 74176K, reserved 1114112K
  class space    used 9998K, committed 10304K, reserved 1048576K
}
Event: 2207.208 GC heap before
{Heap before GC invocations=35 (full 0):
 garbage-first heap   total 72704K, used 35590K [0x00000000c5e00000, 0x0000000100000000)
  region size 1024K, 4 young (4096K), 3 survivors (3072K)
 Metaspace       used 73637K, committed 74176K, reserved 1114112K
  class space    used 9998K, committed 10304K, reserved 1048576K
}
Event: 2207.385 GC heap after
{Heap after GC invocations=36 (full 0):
 garbage-first heap   total 72704K, used 32107K [0x00000000c5e00000, 0x0000000100000000)
  region size 1024K, 1 young (1024K), 1 survivors (1024K)
 Metaspace       used 73637K, committed 74176K, reserved 1114112K
  class space    used 9998K, committed 10304K, reserved 1048576K
}
Event: 2808.774 GC heap before
{Heap before GC invocations=36 (full 0):
 garbage-first heap   total 72704K, used 58731K [0x00000000c5e00000, 0x0000000100000000)
  region size 1024K, 27 young (27648K), 1 survivors (1024K)
 Metaspace       used 73828K, committed 74368K, reserved 1114112K
  class space    used 9998K, committed 10304K, reserved 1048576K
}
Event: 2808.916 GC heap after
{Heap after GC invocations=37 (full 0):
 garbage-first heap   total 72704K, used 32795K [0x00000000c5e00000, 0x0000000100000000)
  region size 1024K, 1 young (1024K), 1 survivors (1024K)
 Metaspace       used 73828K, committed 74368K, reserved 1114112K
  class space    used 9998K, committed 10304K, reserved 1048576K
}

