# JRE version: OpenJDK Runtime Environment Temurin-21.0.8+9 (21.0.8+9) (build 21.0.8+9-LTS)
# Java VM: OpenJDK 64-Bit Server VM Temurin-21.0.8+9 (21.0.8+9-LTS, mixed mode, sharing, tiered, compressed oops, compressed class ptrs, parallel gc, windows-amd64)
GC Precious Log:
 CardTable entry size: 512
 CPUs: 8 total, 8 available
 Memory: 3719M
 Large Page Support: Disabled
 NUMA Support: Disabled
 Compressed Oops: Enabled (32-bit)
 Alignments: Space 512K, Generation 512K, Heap 2M
 Heap Min Capacity: 100M
 Heap Initial Capacity: 100M
 Heap Max Capacity: 2G
 Pre-touch: Disabled
 Parallel Workers: 8
Heap:
 PSYoungGen      total 20992K, used 9255K [0x00000000d5580000, 0x00000000d6c00000, 0x0000000100000000)
  eden space 18944K, 38% used [0x00000000d5580000,0x00000000d5cb3cc0,0x00000000d6800000)
  from space 2048K, 91% used [0x00000000d6800000,0x00000000d69d6210,0x00000000d6a00000)
  to   space 2048K, 0% used [0x00000000d6a00000,0x00000000d6a00000,0x00000000d6c00000)
 ParOldGen       total 68608K, used 38807K [0x0000000080000000, 0x0000000084300000, 0x00000000d5580000)
  object space 68608K, 56% used [0x0000000080000000,0x00000000825e5f28,0x0000000084300000)
 Metaspace       used 52371K, committed 53760K, reserved 1114112K
  class space    used 5704K, committed 6272K, reserved 1048576K
GC Heap History (20 events):
Event: 18.915 GC heap before
{Heap before GC invocations=20 (full 2):
 PSYoungGen      total 22528K, used 22366K [0x00000000d5580000, 0x00000000d6e80000, 0x0000000100000000)
  eden space 20480K, 99% used [0x00000000d5580000,0x00000000d697f930,0x00000000d6980000)
  from space 2048K, 92% used [0x00000000d6980000,0x00000000d6b58020,0x00000000d6b80000)
  to   space 2560K, 0% used [0x00000000d6c00000,0x00000000d6c00000,0x00000000d6e80000)
 ParOldGen       total 68608K, used 22858K [0x0000000080000000, 0x0000000084300000, 0x00000000d5580000)
  object space 68608K, 33% used [0x0000000080000000,0x0000000081652860,0x0000000084300000)
 Metaspace       used 46609K, committed 47936K, reserved 1114112K
  class space    used 5103K, committed 5696K, reserved 1048576K
}
Event: 18.921 GC heap after
{Heap after GC invocations=20 (full 2):
 PSYoungGen      total 22016K, used 1376K [0x00000000d5580000, 0x00000000d6d80000, 0x0000000100000000)
  eden space 20480K, 0% used [0x00000000d5580000,0x00000000d5580000,0x00000000d6980000)
  from space 1536K, 89% used [0x00000000d6c00000,0x00000000d6d58000,0x00000000d6d80000)
  to   space 2048K, 0% used [0x00000000d6980000,0x00000000d6980000,0x00000000d6b80000)
 ParOldGen       total 68608K, used 24512K [0x0000000080000000, 0x0000000084300000, 0x00000000d5580000)
  object space 68608K, 35% used [0x0000000080000000,0x00000000817f0008,0x0000000084300000)
 Metaspace       used 46609K, committed 47936K, reserved 1114112K
  class space    used 5103K, committed 5696K, reserved 1048576K
}
Event: 19.329 GC heap before
{Heap before GC invocations=21 (full 2):
 PSYoungGen      total 22016K, used 21816K [0x00000000d5580000, 0x00000000d6d80000, 0x0000000100000000)
  eden space 20480K, 99% used [0x00000000d5580000,0x00000000d69760f8,0x00000000d6980000)
  from space 1536K, 89% used [0x00000000d6c00000,0x00000000d6d58000,0x00000000d6d80000)
  to   space 2048K, 0% used [0x00000000d6980000,0x00000000d6980000,0x00000000d6b80000)
 ParOldGen       total 68608K, used 24512K [0x0000000080000000, 0x0000000084300000, 0x00000000d5580000)
  object space 68608K, 35% used [0x0000000080000000,0x00000000817f0008,0x0000000084300000)
 Metaspace       used 48167K, committed 49408K, reserved 1114112K
  class space    used 5263K, committed 5824K, reserved 1048576K
}
Event: 19.333 GC heap after
{Heap after GC invocations=21 (full 2):
 PSYoungGen      total 22016K, used 1375K [0x00000000d5580000, 0x00000000d6c80000, 0x0000000100000000)
  eden space 20480K, 0% used [0x00000000d5580000,0x00000000d5580000,0x00000000d6980000)
  from space 1536K, 89% used [0x00000000d6980000,0x00000000d6ad7e88,0x00000000d6b00000)
  to   space 1536K, 0% used [0x00000000d6b00000,0x00000000d6b00000,0x00000000d6c80000)
 ParOldGen       total 68608K, used 25746K [0x0000000080000000, 0x0000000084300000, 0x00000000d5580000)
  object space 68608K, 37% used [0x0000000080000000,0x00000000819248e0,0x0000000084300000)
 Metaspace       used 48167K, committed 49408K, reserved 1114112K
  class space    used 5263K, committed 5824K, reserved 1048576K
}
Event: 19.812 GC heap before
{Heap before GC invocations=22 (full 2):
 PSYoungGen      total 22016K, used 21855K [0x00000000d5580000, 0x00000000d6c80000, 0x0000000100000000)
  eden space 20480K, 100% used [0x00000000d5580000,0x00000000d6980000,0x00000000d6980000)
  from space 1536K, 89% used [0x00000000d6980000,0x00000000d6ad7e88,0x00000000d6b00000)
  to   space 1536K, 0% used [0x00000000d6b00000,0x00000000d6b00000,0x00000000d6c80000)
 ParOldGen       total 68608K, used 25746K [0x0000000080000000, 0x0000000084300000, 0x00000000d5580000)
  object space 68608K, 37% used [0x0000000080000000,0x00000000819248e0,0x0000000084300000)
 Metaspace       used 50175K, committed 51584K, reserved 1114112K
  class space    used 5461K, committed 6080K, reserved 1048576K
}
Event: 19.815 GC heap after
{Heap after GC invocations=22 (full 2):
 PSYoungGen      total 22016K, used 1056K [0x00000000d5580000, 0x00000000d6c80000, 0x0000000100000000)
  eden space 20480K, 0% used [0x00000000d5580000,0x00000000d5580000,0x00000000d6980000)
  from space 1536K, 68% used [0x00000000d6b00000,0x00000000d6c08020,0x00000000d6c80000)
  to   space 1536K, 0% used [0x00000000d6980000,0x00000000d6980000,0x00000000d6b00000)
 ParOldGen       total 68608K, used 26776K [0x0000000080000000, 0x0000000084300000, 0x00000000d5580000)
  object space 68608K, 39% used [0x0000000080000000,0x0000000081a26008,0x0000000084300000)
 Metaspace       used 50175K, committed 51584K, reserved 1114112K
  class space    used 5461K, committed 6080K, reserved 1048576K
}
Event: 20.077 GC heap before
{Heap before GC invocations=23 (full 2):
 PSYoungGen      total 22016K, used 21536K [0x00000000d5580000, 0x00000000d6c80000, 0x0000000100000000)
  eden space 20480K, 100% used [0x00000000d5580000,0x00000000d6980000,0x00000000d6980000)
  from space 1536K, 68% used [0x00000000d6b00000,0x00000000d6c08020,0x00000000d6c80000)
  to   space 1536K, 0% used [0x00000000d6980000,0x00000000d6980000,0x00000000d6b00000)
 ParOldGen       total 68608K, used 26776K [0x0000000080000000, 0x0000000084300000, 0x00000000d5580000)
  object space 68608K, 39% used [0x0000000080000000,0x0000000081a26008,0x0000000084300000)
 Metaspace       used 50691K, committed 52096K, reserved 1114112K
  class space    used 5528K, committed 6144K, reserved 1048576K
}
Event: 20.081 GC heap after
{Heap after GC invocations=23 (full 2):
 PSYoungGen      total 22016K, used 1504K [0x00000000d5580000, 0x00000000d6f80000, 0x0000000100000000)
  eden space 20480K, 0% used [0x00000000d5580000,0x00000000d5580000,0x00000000d6980000)
  from space 1536K, 97% used [0x00000000d6980000,0x00000000d6af8010,0x00000000d6b00000)
  to   space 3072K, 0% used [0x00000000d6c80000,0x00000000d6c80000,0x00000000d6f80000)
 ParOldGen       total 68608K, used 27759K [0x0000000080000000, 0x0000000084300000, 0x00000000d5580000)
  object space 68608K, 40% used [0x0000000080000000,0x0000000081b1be28,0x0000000084300000)
 Metaspace       used 50691K, committed 52096K, reserved 1114112K
  class space    used 5528K, committed 6144K, reserved 1048576K
}
Event: 20.240 GC heap before
{Heap before GC invocations=24 (full 2):
 PSYoungGen      total 22016K, used 21984K [0x00000000d5580000, 0x00000000d6f80000, 0x0000000100000000)
  eden space 20480K, 100% used [0x00000000d5580000,0x00000000d6980000,0x00000000d6980000)
  from space 1536K, 97% used [0x00000000d6980000,0x00000000d6af8010,0x00000000d6b00000)
  to   space 3072K, 0% used [0x00000000d6c80000,0x00000000d6c80000,0x00000000d6f80000)
 ParOldGen       total 68608K, used 27759K [0x0000000080000000, 0x0000000084300000, 0x00000000d5580000)
  object space 68608K, 40% used [0x0000000080000000,0x0000000081b1be28,0x0000000084300000)
 Metaspace       used 51134K, committed 52544K, reserved 1114112K
  class space    used 5592K, committed 6208K, reserved 1048576K
}
Event: 20.245 GC heap after
{Heap after GC invocations=24 (full 2):
 PSYoungGen      total 23040K, used 2225K [0x00000000d5580000, 0x00000000d6f00000, 0x0000000100000000)
  eden space 20480K, 0% used [0x00000000d5580000,0x00000000d5580000,0x00000000d6980000)
  from space 2560K, 86% used [0x00000000d6c80000,0x00000000d6eac420,0x00000000d6f00000)
  to   space 2560K, 0% used [0x00000000d6a00000,0x00000000d6a00000,0x00000000d6c80000)
 ParOldGen       total 68608K, used 29231K [0x0000000080000000, 0x0000000084300000, 0x00000000d5580000)
  object space 68608K, 42% used [0x0000000080000000,0x0000000081c8be38,0x0000000084300000)
 Metaspace       used 51134K, committed 52544K, reserved 1114112K
  class space    used 5592K, committed 6208K, reserved 1048576K
}
Event: 20.341 GC heap before
{Heap before GC invocations=25 (full 2):
 PSYoungGen      total 23040K, used 22705K [0x00000000d5580000, 0x00000000d6f00000, 0x0000000100000000)
  eden space 20480K, 100% used [0x00000000d5580000,0x00000000d6980000,0x00000000d6980000)
  from space 2560K, 86% used [0x00000000d6c80000,0x00000000d6eac420,0x00000000d6f00000)
  to   space 2560K, 0% used [0x00000000d6a00000,0x00000000d6a00000,0x00000000d6c80000)
 ParOldGen       total 68608K, used 29231K [0x0000000080000000, 0x0000000084300000, 0x00000000d5580000)
  object space 68608K, 42% used [0x0000000080000000,0x0000000081c8be38,0x0000000084300000)
 Metaspace       used 51271K, committed 52608K, reserved 1114112K
  class space    used 5601K, committed 6208K, reserved 1048576K
}
Event: 20.347 GC heap after
{Heap after GC invocations=25 (full 2):
 PSYoungGen      total 23040K, used 2208K [0x00000000d5580000, 0x00000000d6e80000, 0x0000000100000000)
  eden space 20480K, 0% used [0x00000000d5580000,0x00000000d5580000,0x00000000d6980000)
  from space 2560K, 86% used [0x00000000d6a00000,0x00000000d6c28010,0x00000000d6c80000)
  to   space 2048K, 0% used [0x00000000d6c80000,0x00000000d6c80000,0x00000000d6e80000)
 ParOldGen       total 68608K, used 31275K [0x0000000080000000, 0x0000000084300000, 0x00000000d5580000)
  object space 68608K, 45% used [0x0000000080000000,0x0000000081e8af30,0x0000000084300000)
 Metaspace       used 51271K, committed 52608K, reserved 1114112K
  class space    used 5601K, committed 6208K, reserved 1048576K
}
Event: 20.453 GC heap before
{Heap before GC invocations=26 (full 2):
 PSYoungGen      total 23040K, used 22688K [0x00000000d5580000, 0x00000000d6e80000, 0x0000000100000000)
  eden space 20480K, 100% used [0x00000000d5580000,0x00000000d6980000,0x00000000d6980000)
  from space 2560K, 86% used [0x00000000d6a00000,0x00000000d6c28010,0x00000000d6c80000)
  to   space 2048K, 0% used [0x00000000d6c80000,0x00000000d6c80000,0x00000000d6e80000)
 ParOldGen       total 68608K, used 31275K [0x0000000080000000, 0x0000000084300000, 0x00000000d5580000)
  object space 68608K, 45% used [0x0000000080000000,0x0000000081e8af30,0x0000000084300000)
 Metaspace       used 51510K, committed 52864K, reserved 1114112K
  class space    used 5614K, committed 6208K, reserved 1048576K
}
Event: 20.459 GC heap after
{Heap after GC invocations=26 (full 2):
 PSYoungGen      total 20992K, used 2020K [0x00000000d5580000, 0x00000000d7280000, 0x0000000100000000)
  eden space 18944K, 0% used [0x00000000d5580000,0x00000000d5580000,0x00000000d6800000)
  from space 2048K, 98% used [0x00000000d6c80000,0x00000000d6e79000,0x00000000d6e80000)
  to   space 4608K, 0% used [0x00000000d6800000,0x00000000d6800000,0x00000000d6c80000)
 ParOldGen       total 68608K, used 33403K [0x0000000080000000, 0x0000000084300000, 0x00000000d5580000)
  object space 68608K, 48% used [0x0000000080000000,0x000000008209ef40,0x0000000084300000)
 Metaspace       used 51510K, committed 52864K, reserved 1114112K
  class space    used 5614K, committed 6208K, reserved 1048576K
}
Event: 20.571 GC heap before
{Heap before GC invocations=27 (full 2):
 PSYoungGen      total 20992K, used 20964K [0x00000000d5580000, 0x00000000d7280000, 0x0000000100000000)
  eden space 18944K, 100% used [0x00000000d5580000,0x00000000d6800000,0x00000000d6800000)
  from space 2048K, 98% used [0x00000000d6c80000,0x00000000d6e79000,0x00000000d6e80000)
  to   space 4608K, 0% used [0x00000000d6800000,0x00000000d6800000,0x00000000d6c80000)
 ParOldGen       total 68608K, used 33403K [0x0000000080000000, 0x0000000084300000, 0x00000000d5580000)
  object space 68608K, 48% used [0x0000000080000000,0x000000008209ef40,0x0000000084300000)
 Metaspace       used 51583K, committed 52928K, reserved 1114112K
  class space    used 5629K, committed 6208K, reserved 1048576K
}
Event: 20.579 GC heap after
{Heap after GC invocations=27 (full 2):
 PSYoungGen      total 20992K, used 1792K [0x00000000d5580000, 0x00000000d6e00000, 0x0000000100000000)
  eden space 18944K, 0% used [0x00000000d5580000,0x00000000d5580000,0x00000000d6800000)
  from space 2048K, 87% used [0x00000000d6800000,0x00000000d69c0000,0x00000000d6a00000)
  to   space 3072K, 0% used [0x00000000d6b00000,0x00000000d6b00000,0x00000000d6e00000)
 ParOldGen       total 68608K, used 35423K [0x0000000080000000, 0x0000000084300000, 0x00000000d5580000)
  object space 68608K, 51% used [0x0000000080000000,0x0000000082297f18,0x0000000084300000)
 Metaspace       used 51583K, committed 52928K, reserved 1114112K
  class space    used 5629K, committed 6208K, reserved 1048576K
}
Event: 20.751 GC heap before
{Heap before GC invocations=28 (full 2):
 PSYoungGen      total 20992K, used 20725K [0x00000000d5580000, 0x00000000d6e00000, 0x0000000100000000)
  eden space 18944K, 99% used [0x00000000d5580000,0x00000000d67fd650,0x00000000d6800000)
  from space 2048K, 87% used [0x00000000d6800000,0x00000000d69c0000,0x00000000d6a00000)
  to   space 3072K, 0% used [0x00000000d6b00000,0x00000000d6b00000,0x00000000d6e00000)
 ParOldGen       total 68608K, used 35423K [0x0000000080000000, 0x0000000084300000, 0x00000000d5580000)
  object space 68608K, 51% used [0x0000000080000000,0x0000000082297f18,0x0000000084300000)
 Metaspace       used 51780K, committed 53184K, reserved 1114112K
  class space    used 5645K, committed 6272K, reserved 1048576K
}
Event: 20.757 GC heap after
{Heap after GC invocations=28 (full 2):
 PSYoungGen      total 20992K, used 1792K [0x00000000d5580000, 0x00000000d6d00000, 0x0000000100000000)
  eden space 18944K, 0% used [0x00000000d5580000,0x00000000d5580000,0x00000000d6800000)
  from space 2048K, 87% used [0x00000000d6b00000,0x00000000d6cc0010,0x00000000d6d00000)
  to   space 2048K, 0% used [0x00000000d6800000,0x00000000d6800000,0x00000000d6a00000)
 ParOldGen       total 68608K, used 37111K [0x0000000080000000, 0x0000000084300000, 0x00000000d5580000)
  object space 68608K, 54% used [0x0000000080000000,0x000000008243df18,0x0000000084300000)
 Metaspace       used 51780K, committed 53184K, reserved 1114112K
  class space    used 5645K, committed 6272K, reserved 1048576K
}
Event: 20.894 GC heap before
{Heap before GC invocations=29 (full 2):
 PSYoungGen      total 20992K, used 20736K [0x00000000d5580000, 0x00000000d6d00000, 0x0000000100000000)
  eden space 18944K, 100% used [0x00000000d5580000,0x00000000d6800000,0x00000000d6800000)
  from space 2048K, 87% used [0x00000000d6b00000,0x00000000d6cc0010,0x00000000d6d00000)
  to   space 2048K, 0% used [0x00000000d6800000,0x00000000d6800000,0x00000000d6a00000)
 ParOldGen       total 68608K, used 37111K [0x0000000080000000, 0x0000000084300000, 0x00000000d5580000)
  object space 68608K, 54% used [0x0000000080000000,0x000000008243df18,0x0000000084300000)
 Metaspace       used 52029K, committed 53440K, reserved 1114112K
  class space    used 5667K, committed 6272K, reserved 1048576K
}
Event: 20.900 GC heap after
{Heap after GC invocations=29 (full 2):
 PSYoungGen      total 20992K, used 1880K [0x00000000d5580000, 0x00000000d6c00000, 0x0000000100000000)
  eden space 18944K, 0% used [0x00000000d5580000,0x00000000d5580000,0x00000000d6800000)
  from space 2048K, 91% used [0x00000000d6800000,0x00000000d69d6210,0x00000000d6a00000)
  to   space 2048K, 0% used [0x00000000d6a00000,0x00000000d6a00000,0x00000000d6c00000)
 ParOldGen       total 68608K, used 38807K [0x0000000080000000, 0x0000000084300000, 0x00000000d5580000)
  object space 68608K, 56% used [0x0000000080000000,0x00000000825e5f28,0x0000000084300000)
 Metaspace       used 52029K, committed 53440K, reserved 1114112K
  class space    used 5667K, committed 6272K, reserved 1048576K
}

