# JRE version: OpenJDK Runtime Environment Temurin-21.0.8+9 (21.0.8+9) (build 21.0.8+9-LTS)
# Java VM: OpenJDK 64-Bit Server VM Temurin-21.0.8+9 (21.0.8+9-LTS, mixed mode, sharing, tiered, compressed oops, compressed class ptrs, parallel gc, windows-amd64)
GC Precious Log:
 CardTable entry size: 512
 CPUs: 8 total, 8 available
 Memory: 3719M
 Large Page Support: Disabled
 NUMA Support: Disabled
 Compressed Oops: Enabled (32-bit)
 Alignments: Space 512K, Generation 512K, Heap 2M
 Heap Min Capacity: 100M
 Heap Initial Capacity: 100M
 Heap Max Capacity: 2G
 Pre-touch: Disabled
 Parallel Workers: 8
Heap:
 PSYoungGen      total 4608K, used 3664K [0x00000000d5580000, 0x00000000d5f00000, 0x0000000100000000)
  eden space 4096K, 78% used [0x00000000d5580000,0x00000000d58a4070,0x00000000d5980000)
  from space 512K, 87% used [0x00000000d5a80000,0x00000000d5af0000,0x00000000d5b00000)
  to   space 1536K, 0% used [0x00000000d5d80000,0x00000000d5d80000,0x00000000d5f00000)
 ParOldGen       total 260608K, used 260241K [0x0000000080000000, 0x000000008fe80000, 0x00000000d5580000)
  object space 260608K, 99% used [0x0000000080000000,0x000000008fe24668,0x000000008fe80000)
 Metaspace       used 77546K, committed 79296K, reserved 1179648K
  class space    used 8258K, committed 8960K, reserved 1048576K
GC Heap History (20 events):
Event: 75.780 GC heap before
{Heap before GC invocations=257 (full 3):
 PSYoungGen      total 6656K, used 4784K [0x00000000d5580000, 0x00000000d5f00000, 0x0000000100000000)
  eden space 4096K, 100% used [0x00000000d5580000,0x00000000d5980000,0x00000000d5980000)
  from space 2560K, 26% used [0x00000000d5b00000,0x00000000d5bac090,0x00000000d5d80000)
  to   space 1536K, 0% used [0x00000000d5d80000,0x00000000d5d80000,0x00000000d5f00000)
 ParOldGen       total 251904K, used 251762K [0x0000000080000000, 0x000000008f600000, 0x00000000d5580000)
  object space 251904K, 99% used [0x0000000080000000,0x000000008f5dc8f8,0x000000008f600000)
 Metaspace       used 76222K, committed 77888K, reserved 1179648K
  class space    used 8206K, committed 8896K, reserved 1048576K
}
Event: 75.782 GC heap after
{Heap after GC invocations=257 (full 3):
 PSYoungGen      total 4608K, used 480K [0x00000000d5580000, 0x00000000d5e00000, 0x0000000100000000)
  eden space 4096K, 0% used [0x00000000d5580000,0x00000000d5580000,0x00000000d5980000)
  from space 512K, 93% used [0x00000000d5d80000,0x00000000d5df8000,0x00000000d5e00000)
  to   space 1024K, 0% used [0x00000000d5c00000,0x00000000d5c00000,0x00000000d5d00000)
 ParOldGen       total 252416K, used 252130K [0x0000000080000000, 0x000000008f680000, 0x00000000d5580000)
  object space 252416K, 99% used [0x0000000080000000,0x000000008f6388f8,0x000000008f680000)
 Metaspace       used 76222K, committed 77888K, reserved 1179648K
  class space    used 8206K, committed 8896K, reserved 1048576K
}
Event: 75.884 GC heap before
{Heap before GC invocations=258 (full 3):
 PSYoungGen      total 4608K, used 4576K [0x00000000d5580000, 0x00000000d5e00000, 0x0000000100000000)
  eden space 4096K, 100% used [0x00000000d5580000,0x00000000d5980000,0x00000000d5980000)
  from space 512K, 93% used [0x00000000d5d80000,0x00000000d5df8000,0x00000000d5e00000)
  to   space 1024K, 0% used [0x00000000d5c00000,0x00000000d5c00000,0x00000000d5d00000)
 ParOldGen       total 252416K, used 252130K [0x0000000080000000, 0x000000008f680000, 0x00000000d5580000)
  object space 252416K, 99% used [0x0000000080000000,0x000000008f6388f8,0x000000008f680000)
 Metaspace       used 76284K, committed 77952K, reserved 1179648K
  class space    used 8206K, committed 8896K, reserved 1048576K
}
Event: 75.886 GC heap after
{Heap after GC invocations=258 (full 3):
 PSYoungGen      total 5120K, used 998K [0x00000000d5580000, 0x00000000d5e00000, 0x0000000100000000)
  eden space 4096K, 0% used [0x00000000d5580000,0x00000000d5580000,0x00000000d5980000)
  from space 1024K, 97% used [0x00000000d5c00000,0x00000000d5cf9ba8,0x00000000d5d00000)
  to   space 1024K, 0% used [0x00000000d5d00000,0x00000000d5d00000,0x00000000d5e00000)
 ParOldGen       total 252928K, used 252448K [0x0000000080000000, 0x000000008f700000, 0x00000000d5580000)
  object space 252928K, 99% used [0x0000000080000000,0x000000008f6882a8,0x000000008f700000)
 Metaspace       used 76284K, committed 77952K, reserved 1179648K
  class space    used 8206K, committed 8896K, reserved 1048576K
}
Event: 76.026 GC heap before
{Heap before GC invocations=259 (full 3):
 PSYoungGen      total 5120K, used 5085K [0x00000000d5580000, 0x00000000d5e00000, 0x0000000100000000)
  eden space 4096K, 99% used [0x00000000d5580000,0x00000000d597d9f8,0x00000000d5980000)
  from space 1024K, 97% used [0x00000000d5c00000,0x00000000d5cf9ba8,0x00000000d5d00000)
  to   space 1024K, 0% used [0x00000000d5d00000,0x00000000d5d00000,0x00000000d5e00000)
 ParOldGen       total 252928K, used 252448K [0x0000000080000000, 0x000000008f700000, 0x00000000d5580000)
  object space 252928K, 99% used [0x0000000080000000,0x000000008f6882a8,0x000000008f700000)
 Metaspace       used 76382K, committed 78080K, reserved 1179648K
  class space    used 8212K, committed 8896K, reserved 1048576K
}
Event: 76.029 GC heap after
{Heap after GC invocations=259 (full 3):
 PSYoungGen      total 5120K, used 1012K [0x00000000d5580000, 0x00000000d5e00000, 0x0000000100000000)
  eden space 4096K, 0% used [0x00000000d5580000,0x00000000d5580000,0x00000000d5980000)
  from space 1024K, 98% used [0x00000000d5d00000,0x00000000d5dfd238,0x00000000d5e00000)
  to   space 2048K, 0% used [0x00000000d5a00000,0x00000000d5a00000,0x00000000d5c00000)
 ParOldGen       total 253440K, used 252995K [0x0000000080000000, 0x000000008f780000, 0x00000000d5580000)
  object space 253440K, 99% used [0x0000000080000000,0x000000008f710f78,0x000000008f780000)
 Metaspace       used 76382K, committed 78080K, reserved 1179648K
  class space    used 8212K, committed 8896K, reserved 1048576K
}
Event: 76.254 GC heap before
{Heap before GC invocations=260 (full 3):
 PSYoungGen      total 5120K, used 5107K [0x00000000d5580000, 0x00000000d5e00000, 0x0000000100000000)
  eden space 4096K, 99% used [0x00000000d5580000,0x00000000d597fcf8,0x00000000d5980000)
  from space 1024K, 98% used [0x00000000d5d00000,0x00000000d5dfd238,0x00000000d5e00000)
  to   space 2048K, 0% used [0x00000000d5a00000,0x00000000d5a00000,0x00000000d5c00000)
 ParOldGen       total 253440K, used 252995K [0x0000000080000000, 0x000000008f780000, 0x00000000d5580000)
  object space 253440K, 99% used [0x0000000080000000,0x000000008f710f78,0x000000008f780000)
 Metaspace       used 76550K, committed 78208K, reserved 1179648K
  class space    used 8221K, committed 8896K, reserved 1048576K
}
Event: 76.258 GC heap after
{Heap after GC invocations=260 (full 3):
 PSYoungGen      total 6144K, used 961K [0x00000000d5580000, 0x00000000d5d80000, 0x0000000100000000)
  eden space 4096K, 0% used [0x00000000d5580000,0x00000000d5580000,0x00000000d5980000)
  from space 2048K, 46% used [0x00000000d5a00000,0x00000000d5af0410,0x00000000d5c00000)
  to   space 1536K, 0% used [0x00000000d5c00000,0x00000000d5c00000,0x00000000d5d80000)
 ParOldGen       total 253952K, used 253848K [0x0000000080000000, 0x000000008f800000, 0x00000000d5580000)
  object space 253952K, 99% used [0x0000000080000000,0x000000008f7e6078,0x000000008f800000)
 Metaspace       used 76550K, committed 78208K, reserved 1179648K
  class space    used 8221K, committed 8896K, reserved 1048576K
}
Event: 76.578 GC heap before
{Heap before GC invocations=261 (full 3):
 PSYoungGen      total 6144K, used 5057K [0x00000000d5580000, 0x00000000d5d80000, 0x0000000100000000)
  eden space 4096K, 100% used [0x00000000d5580000,0x00000000d5980000,0x00000000d5980000)
  from space 2048K, 46% used [0x00000000d5a00000,0x00000000d5af0410,0x00000000d5c00000)
  to   space 1536K, 0% used [0x00000000d5c00000,0x00000000d5c00000,0x00000000d5d80000)
 ParOldGen       total 253952K, used 253848K [0x0000000080000000, 0x000000008f800000, 0x00000000d5580000)
  object space 253952K, 99% used [0x0000000080000000,0x000000008f7e6078,0x000000008f800000)
 Metaspace       used 76836K, committed 78464K, reserved 1179648K
  class space    used 8232K, committed 8896K, reserved 1048576K
}
Event: 76.581 GC heap after
{Heap after GC invocations=261 (full 3):
 PSYoungGen      total 5120K, used 896K [0x00000000d5580000, 0x00000000d5d00000, 0x0000000100000000)
  eden space 4096K, 0% used [0x00000000d5580000,0x00000000d5580000,0x00000000d5980000)
  from space 1024K, 87% used [0x00000000d5c00000,0x00000000d5ce0038,0x00000000d5d00000)
  to   space 1024K, 0% used [0x00000000d5b00000,0x00000000d5b00000,0x00000000d5c00000)
 ParOldGen       total 254976K, used 254555K [0x0000000080000000, 0x000000008f900000, 0x00000000d5580000)
  object space 254976K, 99% used [0x0000000080000000,0x000000008f896c58,0x000000008f900000)
 Metaspace       used 76836K, committed 78464K, reserved 1179648K
  class space    used 8232K, committed 8896K, reserved 1048576K
}
Event: 76.792 GC heap before
{Heap before GC invocations=262 (full 3):
 PSYoungGen      total 5120K, used 4992K [0x00000000d5580000, 0x00000000d5d00000, 0x0000000100000000)
  eden space 4096K, 100% used [0x00000000d5580000,0x00000000d5980000,0x00000000d5980000)
  from space 1024K, 87% used [0x00000000d5c00000,0x00000000d5ce0038,0x00000000d5d00000)
  to   space 1024K, 0% used [0x00000000d5b00000,0x00000000d5b00000,0x00000000d5c00000)
 ParOldGen       total 254976K, used 254555K [0x0000000080000000, 0x000000008f900000, 0x00000000d5580000)
  object space 254976K, 99% used [0x0000000080000000,0x000000008f896c58,0x000000008f900000)
 Metaspace       used 77036K, committed 78656K, reserved 1179648K
  class space    used 8233K, committed 8896K, reserved 1048576K
}
Event: 76.800 GC heap after
{Heap after GC invocations=262 (full 3):
 PSYoungGen      total 5120K, used 689K [0x00000000d5580000, 0x00000000d5c80000, 0x0000000100000000)
  eden space 4096K, 0% used [0x00000000d5580000,0x00000000d5580000,0x00000000d5980000)
  from space 1024K, 67% used [0x00000000d5b00000,0x00000000d5bac6f0,0x00000000d5c00000)
  to   space 512K, 0% used [0x00000000d5c00000,0x00000000d5c00000,0x00000000d5c80000)
 ParOldGen       total 255488K, used 255286K [0x0000000080000000, 0x000000008f980000, 0x00000000d5580000)
  object space 255488K, 99% used [0x0000000080000000,0x000000008f94dad8,0x000000008f980000)
 Metaspace       used 77036K, committed 78656K, reserved 1179648K
  class space    used 8233K, committed 8896K, reserved 1048576K
}
Event: 77.310 GC heap before
{Heap before GC invocations=263 (full 3):
 PSYoungGen      total 5120K, used 4785K [0x00000000d5580000, 0x00000000d5c80000, 0x0000000100000000)
  eden space 4096K, 100% used [0x00000000d5580000,0x00000000d5980000,0x00000000d5980000)
  from space 1024K, 67% used [0x00000000d5b00000,0x00000000d5bac6f0,0x00000000d5c00000)
  to   space 512K, 0% used [0x00000000d5c00000,0x00000000d5c00000,0x00000000d5c80000)
 ParOldGen       total 255488K, used 255286K [0x0000000080000000, 0x000000008f980000, 0x00000000d5580000)
  object space 255488K, 99% used [0x0000000080000000,0x000000008f94dad8,0x000000008f980000)
 Metaspace       used 77219K, committed 78848K, reserved 1179648K
  class space    used 8235K, committed 8896K, reserved 1048576K
}
Event: 77.315 GC heap after
{Heap after GC invocations=263 (full 3):
 PSYoungGen      total 4608K, used 512K [0x00000000d5580000, 0x00000000d5c80000, 0x0000000100000000)
  eden space 4096K, 0% used [0x00000000d5580000,0x00000000d5580000,0x00000000d5980000)
  from space 512K, 100% used [0x00000000d5c00000,0x00000000d5c80000,0x00000000d5c80000)
  to   space 1536K, 0% used [0x00000000d5980000,0x00000000d5980000,0x00000000d5b00000)
 ParOldGen       total 256000K, used 255877K [0x0000000080000000, 0x000000008fa00000, 0x00000000d5580000)
  object space 256000K, 99% used [0x0000000080000000,0x000000008f9e1510,0x000000008fa00000)
 Metaspace       used 77219K, committed 78848K, reserved 1179648K
  class space    used 8235K, committed 8896K, reserved 1048576K
}
Event: 77.574 GC heap before
{Heap before GC invocations=264 (full 3):
 PSYoungGen      total 4608K, used 4511K [0x00000000d5580000, 0x00000000d5c80000, 0x0000000100000000)
  eden space 4096K, 97% used [0x00000000d5580000,0x00000000d5967f30,0x00000000d5980000)
  from space 512K, 100% used [0x00000000d5c00000,0x00000000d5c80000,0x00000000d5c80000)
  to   space 1536K, 0% used [0x00000000d5980000,0x00000000d5980000,0x00000000d5b00000)
 ParOldGen       total 256000K, used 255877K [0x0000000080000000, 0x000000008fa00000, 0x00000000d5580000)
  object space 256000K, 99% used [0x0000000080000000,0x000000008f9e1510,0x000000008fa00000)
 Metaspace       used 77307K, committed 78976K, reserved 1179648K
  class space    used 8239K, committed 8896K, reserved 1048576K
}
Event: 77.593 GC heap after
{Heap after GC invocations=264 (full 3):
 PSYoungGen      total 5632K, used 1529K [0x00000000d5580000, 0x00000000d6380000, 0x0000000100000000)
  eden space 4096K, 0% used [0x00000000d5580000,0x00000000d5580000,0x00000000d5980000)
  from space 1536K, 99% used [0x00000000d5980000,0x00000000d5afe680,0x00000000d5b00000)
  to   space 5120K, 0% used [0x00000000d5e80000,0x00000000d5e80000,0x00000000d6380000)
 ParOldGen       total 258560K, used 258435K [0x0000000080000000, 0x000000008fc80000, 0x00000000d5580000)
  object space 258560K, 99% used [0x0000000080000000,0x000000008fc60d58,0x000000008fc80000)
 Metaspace       used 77307K, committed 78976K, reserved 1179648K
  class space    used 8239K, committed 8896K, reserved 1048576K
}
Event: 78.024 GC heap before
{Heap before GC invocations=265 (full 3):
 PSYoungGen      total 5632K, used 5625K [0x00000000d5580000, 0x00000000d6380000, 0x0000000100000000)
  eden space 4096K, 100% used [0x00000000d5580000,0x00000000d5980000,0x00000000d5980000)
  from space 1536K, 99% used [0x00000000d5980000,0x00000000d5afe680,0x00000000d5b00000)
  to   space 5120K, 0% used [0x00000000d5e80000,0x00000000d5e80000,0x00000000d6380000)
 ParOldGen       total 258560K, used 258435K [0x0000000080000000, 0x000000008fc80000, 0x00000000d5580000)
  object space 258560K, 99% used [0x0000000080000000,0x000000008fc60d58,0x000000008fc80000)
 Metaspace       used 77397K, committed 79040K, reserved 1179648K
  class space    used 8247K, committed 8896K, reserved 1048576K
}
Event: 78.029 GC heap after
{Heap after GC invocations=265 (full 3):
 PSYoungGen      total 7168K, used 2990K [0x00000000d5580000, 0x00000000d6180000, 0x0000000100000000)
  eden space 4096K, 0% used [0x00000000d5580000,0x00000000d5580000,0x00000000d5980000)
  from space 3072K, 97% used [0x00000000d5e80000,0x00000000d616b880,0x00000000d6180000)
  to   space 3584K, 0% used [0x00000000d5a80000,0x00000000d5a80000,0x00000000d5e00000)
 ParOldGen       total 260096K, used 259881K [0x0000000080000000, 0x000000008fe00000, 0x00000000d5580000)
  object space 260096K, 99% used [0x0000000080000000,0x000000008fdca668,0x000000008fe00000)
 Metaspace       used 77397K, committed 79040K, reserved 1179648K
  class space    used 8247K, committed 8896K, reserved 1048576K
}
Event: 78.568 GC heap before
{Heap before GC invocations=266 (full 3):
 PSYoungGen      total 7168K, used 7086K [0x00000000d5580000, 0x00000000d6180000, 0x0000000100000000)
  eden space 4096K, 100% used [0x00000000d5580000,0x00000000d5980000,0x00000000d5980000)
  from space 3072K, 97% used [0x00000000d5e80000,0x00000000d616b880,0x00000000d6180000)
  to   space 3584K, 0% used [0x00000000d5a80000,0x00000000d5a80000,0x00000000d5e00000)
 ParOldGen       total 260096K, used 259881K [0x0000000080000000, 0x000000008fe00000, 0x00000000d5580000)
  object space 260096K, 99% used [0x0000000080000000,0x000000008fdca668,0x000000008fe00000)
 Metaspace       used 77522K, committed 79232K, reserved 1179648K
  class space    used 8256K, committed 8960K, reserved 1048576K
}
Event: 78.572 GC heap after
{Heap after GC invocations=266 (full 3):
 PSYoungGen      total 4608K, used 448K [0x00000000d5580000, 0x00000000d5f00000, 0x0000000100000000)
  eden space 4096K, 0% used [0x00000000d5580000,0x00000000d5580000,0x00000000d5980000)
  from space 512K, 87% used [0x00000000d5a80000,0x00000000d5af0000,0x00000000d5b00000)
  to   space 1536K, 0% used [0x00000000d5d80000,0x00000000d5d80000,0x00000000d5f00000)
 ParOldGen       total 260608K, used 260241K [0x0000000080000000, 0x000000008fe80000, 0x00000000d5580000)
  object space 260608K, 99% used [0x0000000080000000,0x000000008fe24668,0x000000008fe80000)
 Metaspace       used 77522K, committed 79232K, reserved 1179648K
  class space    used 8256K, committed 8960K, reserved 1048576K
}

