# JRE version: OpenJDK Runtime Environment Temurin-21.0.8+9 (21.0.8+9) (build 21.0.8+9-LTS)
# Java VM: OpenJDK 64-Bit Server VM Temurin-21.0.8+9 (21.0.8+9-LTS, mixed mode, sharing, tiered, compressed oops, compressed class ptrs, parallel gc, windows-amd64)
GC Precious Log:
 CardTable entry size: 512
 CPUs: 8 total, 8 available
 Memory: 3719M
 Large Page Support: Disabled
 NUMA Support: Disabled
 Compressed Oops: Enabled (32-bit)
 Alignments: Space 512K, Generation 512K, Heap 2M
 Heap Min Capacity: 100M
 Heap Initial Capacity: 100M
 Heap Max Capacity: 2G
 Pre-touch: Disabled
 Parallel Workers: 8
Heap:
 PSYoungGen      total 4608K, used 3872K [0x00000000d5580000, 0x00000000d5b00000, 0x0000000100000000)
  eden space 4096K, 90% used [0x00000000d5580000,0x00000000d5920068,0x00000000d5980000)
  from space 512K, 31% used [0x00000000d5a80000,0x00000000d5aa8000,0x00000000d5b00000)
  to   space 512K, 0% used [0x00000000d5a00000,0x00000000d5a00000,0x00000000d5a80000)
 ParOldGen       total 780800K, used 780291K [0x0000000080000000, 0x00000000afa80000, 0x00000000d5580000)
  object space 780800K, 99% used [0x0000000080000000,0x00000000afa00e88,0x00000000afa80000)
 Metaspace       used 109245K, committed 111232K, reserved 1179648K
  class space    used 10652K, committed 11776K, reserved 1048576K
GC Heap History (20 events):
Event: 69340.350 GC heap before
{Heap before GC invocations=9855 (full 15):
 PSYoungGen      total 4608K, used 4602K [0x00000000d5580000, 0x00000000d5b80000, 0x0000000100000000)
  eden space 4096K, 100% used [0x00000000d5580000,0x00000000d5980000,0x00000000d5980000)
  from space 512K, 98% used [0x00000000d5a80000,0x00000000d5afe900,0x00000000d5b00000)
  to   space 1024K, 0% used [0x00000000d5980000,0x00000000d5980000,0x00000000d5a80000)
 ParOldGen       total 779264K, used 779218K [0x0000000080000000, 0x00000000af900000, 0x00000000d5580000)
  object space 779264K, 99% used [0x0000000080000000,0x00000000af8f49e8,0x00000000af900000)
 Metaspace       used 109238K, committed 111232K, reserved 1179648K
  class space    used 10652K, committed 11776K, reserved 1048576K
}
Event: 69340.358 GC heap after
{Heap after GC invocations=9855 (full 15):
 PSYoungGen      total 5120K, used 612K [0x00000000d5580000, 0x00000000d5b80000, 0x0000000100000000)
  eden space 4096K, 0% used [0x00000000d5580000,0x00000000d5580000,0x00000000d5980000)
  from space 1024K, 59% used [0x00000000d5980000,0x00000000d5a19210,0x00000000d5a80000)
  to   space 1024K, 0% used [0x00000000d5a80000,0x00000000d5a80000,0x00000000d5b80000)
 ParOldGen       total 779776K, used 779710K [0x0000000080000000, 0x00000000af980000, 0x00000000d5580000)
  object space 779776K, 99% used [0x0000000080000000,0x00000000af96fbf8,0x00000000af980000)
 Metaspace       used 109238K, committed 111232K, reserved 1179648K
  class space    used 10652K, committed 11776K, reserved 1048576K
}
Event: 69341.271 GC heap before
{Heap before GC invocations=9856 (full 15):
 PSYoungGen      total 5120K, used 4708K [0x00000000d5580000, 0x00000000d5b80000, 0x0000000100000000)
  eden space 4096K, 100% used [0x00000000d5580000,0x00000000d5980000,0x00000000d5980000)
  from space 1024K, 59% used [0x00000000d5980000,0x00000000d5a19210,0x00000000d5a80000)
  to   space 1024K, 0% used [0x00000000d5a80000,0x00000000d5a80000,0x00000000d5b80000)
 ParOldGen       total 779776K, used 779710K [0x0000000080000000, 0x00000000af980000, 0x00000000d5580000)
  object space 779776K, 99% used [0x0000000080000000,0x00000000af96fbf8,0x00000000af980000)
 Metaspace       used 109239K, committed 111232K, reserved 1179648K
  class space    used 10652K, committed 11776K, reserved 1048576K
}
Event: 69341.287 GC heap after
{Heap after GC invocations=9856 (full 15):
 PSYoungGen      total 4608K, used 388K [0x00000000d5580000, 0x00000000d5b00000, 0x0000000100000000)
  eden space 4096K, 0% used [0x00000000d5580000,0x00000000d5580000,0x00000000d5980000)
  from space 512K, 75% used [0x00000000d5a80000,0x00000000d5ae1210,0x00000000d5b00000)
  to   space 512K, 0% used [0x00000000d5a00000,0x00000000d5a00000,0x00000000d5a80000)
 ParOldGen       total 780288K, used 779859K [0x0000000080000000, 0x00000000afa00000, 0x00000000d5580000)
  object space 780288K, 99% used [0x0000000080000000,0x00000000af994e78,0x00000000afa00000)
 Metaspace       used 109239K, committed 111232K, reserved 1179648K
  class space    used 10652K, committed 11776K, reserved 1048576K
}
Event: 69341.307 GC heap before
{Heap before GC invocations=9857 (full 15):
 PSYoungGen      total 4608K, used 4484K [0x00000000d5580000, 0x00000000d5b00000, 0x0000000100000000)
  eden space 4096K, 100% used [0x00000000d5580000,0x00000000d5980000,0x00000000d5980000)
  from space 512K, 75% used [0x00000000d5a80000,0x00000000d5ae1210,0x00000000d5b00000)
  to   space 512K, 0% used [0x00000000d5a00000,0x00000000d5a00000,0x00000000d5a80000)
 ParOldGen       total 780288K, used 779859K [0x0000000080000000, 0x00000000afa00000, 0x00000000d5580000)
  object space 780288K, 99% used [0x0000000080000000,0x00000000af994e78,0x00000000afa00000)
 Metaspace       used 109239K, committed 111232K, reserved 1179648K
  class space    used 10652K, committed 11776K, reserved 1048576K
}
Event: 69341.314 GC heap after
{Heap after GC invocations=9857 (full 15):
 PSYoungGen      total 4608K, used 192K [0x00000000d5580000, 0x00000000d5b00000, 0x0000000100000000)
  eden space 4096K, 0% used [0x00000000d5580000,0x00000000d5580000,0x00000000d5980000)
  from space 512K, 37% used [0x00000000d5a00000,0x00000000d5a30000,0x00000000d5a80000)
  to   space 512K, 0% used [0x00000000d5a80000,0x00000000d5a80000,0x00000000d5b00000)
 ParOldGen       total 780288K, used 779891K [0x0000000080000000, 0x00000000afa00000, 0x00000000d5580000)
  object space 780288K, 99% used [0x0000000080000000,0x00000000af99ce78,0x00000000afa00000)
 Metaspace       used 109239K, committed 111232K, reserved 1179648K
  class space    used 10652K, committed 11776K, reserved 1048576K
}
Event: 69341.348 GC heap before
{Heap before GC invocations=9858 (full 15):
 PSYoungGen      total 4608K, used 4288K [0x00000000d5580000, 0x00000000d5b00000, 0x0000000100000000)
  eden space 4096K, 100% used [0x00000000d5580000,0x00000000d5980000,0x00000000d5980000)
  from space 512K, 37% used [0x00000000d5a00000,0x00000000d5a30000,0x00000000d5a80000)
  to   space 512K, 0% used [0x00000000d5a80000,0x00000000d5a80000,0x00000000d5b00000)
 ParOldGen       total 780288K, used 779891K [0x0000000080000000, 0x00000000afa00000, 0x00000000d5580000)
  object space 780288K, 99% used [0x0000000080000000,0x00000000af99ce78,0x00000000afa00000)
 Metaspace       used 109239K, committed 111232K, reserved 1179648K
  class space    used 10652K, committed 11776K, reserved 1048576K
}
Event: 69341.355 GC heap after
{Heap after GC invocations=9858 (full 15):
 PSYoungGen      total 4608K, used 160K [0x00000000d5580000, 0x00000000d5b00000, 0x0000000100000000)
  eden space 4096K, 0% used [0x00000000d5580000,0x00000000d5580000,0x00000000d5980000)
  from space 512K, 31% used [0x00000000d5a80000,0x00000000d5aa8000,0x00000000d5b00000)
  to   space 512K, 0% used [0x00000000d5a00000,0x00000000d5a00000,0x00000000d5a80000)
 ParOldGen       total 780288K, used 779891K [0x0000000080000000, 0x00000000afa00000, 0x00000000d5580000)
  object space 780288K, 99% used [0x0000000080000000,0x00000000af99ce78,0x00000000afa00000)
 Metaspace       used 109239K, committed 111232K, reserved 1179648K
  class space    used 10652K, committed 11776K, reserved 1048576K
}
Event: 69345.345 GC heap before
{Heap before GC invocations=9859 (full 15):
 PSYoungGen      total 4608K, used 4256K [0x00000000d5580000, 0x00000000d5b00000, 0x0000000100000000)
  eden space 4096K, 100% used [0x00000000d5580000,0x00000000d5980000,0x00000000d5980000)
  from space 512K, 31% used [0x00000000d5a80000,0x00000000d5aa8000,0x00000000d5b00000)
  to   space 512K, 0% used [0x00000000d5a00000,0x00000000d5a00000,0x00000000d5a80000)
 ParOldGen       total 780288K, used 779891K [0x0000000080000000, 0x00000000afa00000, 0x00000000d5580000)
  object space 780288K, 99% used [0x0000000080000000,0x00000000af99ce78,0x00000000afa00000)
 Metaspace       used 109239K, committed 111232K, reserved 1179648K
  class space    used 10652K, committed 11776K, reserved 1048576K
}
Event: 69345.360 GC heap after
{Heap after GC invocations=9859 (full 15):
 PSYoungGen      total 4608K, used 288K [0x00000000d5580000, 0x00000000d5b00000, 0x0000000100000000)
  eden space 4096K, 0% used [0x00000000d5580000,0x00000000d5580000,0x00000000d5980000)
  from space 512K, 56% used [0x00000000d5a00000,0x00000000d5a48000,0x00000000d5a80000)
  to   space 512K, 0% used [0x00000000d5a80000,0x00000000d5a80000,0x00000000d5b00000)
 ParOldGen       total 780288K, used 779907K [0x0000000080000000, 0x00000000afa00000, 0x00000000d5580000)
  object space 780288K, 99% used [0x0000000080000000,0x00000000af9a0e78,0x00000000afa00000)
 Metaspace       used 109239K, committed 111232K, reserved 1179648K
  class space    used 10652K, committed 11776K, reserved 1048576K
}
Event: 69345.468 GC heap before
{Heap before GC invocations=9860 (full 15):
 PSYoungGen      total 4608K, used 4384K [0x00000000d5580000, 0x00000000d5b00000, 0x0000000100000000)
  eden space 4096K, 100% used [0x00000000d5580000,0x00000000d5980000,0x00000000d5980000)
  from space 512K, 56% used [0x00000000d5a00000,0x00000000d5a48000,0x00000000d5a80000)
  to   space 512K, 0% used [0x00000000d5a80000,0x00000000d5a80000,0x00000000d5b00000)
 ParOldGen       total 780288K, used 779907K [0x0000000080000000, 0x00000000afa00000, 0x00000000d5580000)
  object space 780288K, 99% used [0x0000000080000000,0x00000000af9a0e78,0x00000000afa00000)
 Metaspace       used 109239K, committed 111232K, reserved 1179648K
  class space    used 10652K, committed 11776K, reserved 1048576K
}
Event: 69345.476 GC heap after
{Heap after GC invocations=9860 (full 15):
 PSYoungGen      total 4608K, used 256K [0x00000000d5580000, 0x00000000d5b00000, 0x0000000100000000)
  eden space 4096K, 0% used [0x00000000d5580000,0x00000000d5580000,0x00000000d5980000)
  from space 512K, 50% used [0x00000000d5a80000,0x00000000d5ac0000,0x00000000d5b00000)
  to   space 512K, 0% used [0x00000000d5a00000,0x00000000d5a00000,0x00000000d5a80000)
 ParOldGen       total 780288K, used 780123K [0x0000000080000000, 0x00000000afa00000, 0x00000000d5580000)
  object space 780288K, 99% used [0x0000000080000000,0x00000000af9d6e88,0x00000000afa00000)
 Metaspace       used 109239K, committed 111232K, reserved 1179648K
  class space    used 10652K, committed 11776K, reserved 1048576K
}
Event: 69345.871 GC heap before
{Heap before GC invocations=9861 (full 15):
 PSYoungGen      total 4608K, used 4352K [0x00000000d5580000, 0x00000000d5b00000, 0x0000000100000000)
  eden space 4096K, 100% used [0x00000000d5580000,0x00000000d5980000,0x00000000d5980000)
  from space 512K, 50% used [0x00000000d5a80000,0x00000000d5ac0000,0x00000000d5b00000)
  to   space 512K, 0% used [0x00000000d5a00000,0x00000000d5a00000,0x00000000d5a80000)
 ParOldGen       total 780288K, used 780123K [0x0000000080000000, 0x00000000afa00000, 0x00000000d5580000)
  object space 780288K, 99% used [0x0000000080000000,0x00000000af9d6e88,0x00000000afa00000)
 Metaspace       used 109239K, committed 111232K, reserved 1179648K
  class space    used 10652K, committed 11776K, reserved 1048576K
}
Event: 69345.875 GC heap after
{Heap after GC invocations=9861 (full 15):
 PSYoungGen      total 4608K, used 192K [0x00000000d5580000, 0x00000000d5b00000, 0x0000000100000000)
  eden space 4096K, 0% used [0x00000000d5580000,0x00000000d5580000,0x00000000d5980000)
  from space 512K, 37% used [0x00000000d5a00000,0x00000000d5a30000,0x00000000d5a80000)
  to   space 512K, 0% used [0x00000000d5a80000,0x00000000d5a80000,0x00000000d5b00000)
 ParOldGen       total 780288K, used 780155K [0x0000000080000000, 0x00000000afa00000, 0x00000000d5580000)
  object space 780288K, 99% used [0x0000000080000000,0x00000000af9dee88,0x00000000afa00000)
 Metaspace       used 109239K, committed 111232K, reserved 1179648K
  class space    used 10652K, committed 11776K, reserved 1048576K
}
Event: 72936.904 GC heap before
{Heap before GC invocations=9862 (full 15):
 PSYoungGen      total 4608K, used 4288K [0x00000000d5580000, 0x00000000d5b00000, 0x0000000100000000)
  eden space 4096K, 100% used [0x00000000d5580000,0x00000000d5980000,0x00000000d5980000)
  from space 512K, 37% used [0x00000000d5a00000,0x00000000d5a30000,0x00000000d5a80000)
  to   space 512K, 0% used [0x00000000d5a80000,0x00000000d5a80000,0x00000000d5b00000)
 ParOldGen       total 780288K, used 780155K [0x0000000080000000, 0x00000000afa00000, 0x00000000d5580000)
  object space 780288K, 99% used [0x0000000080000000,0x00000000af9dee88,0x00000000afa00000)
 Metaspace       used 109244K, committed 111232K, reserved 1179648K
  class space    used 10652K, committed 11776K, reserved 1048576K
}
Event: 72937.496 GC heap after
{Heap after GC invocations=9862 (full 15):
 PSYoungGen      total 4608K, used 304K [0x00000000d5580000, 0x00000000d5b00000, 0x0000000100000000)
  eden space 4096K, 0% used [0x00000000d5580000,0x00000000d5580000,0x00000000d5980000)
  from space 512K, 59% used [0x00000000d5a80000,0x00000000d5acc030,0x00000000d5b00000)
  to   space 512K, 0% used [0x00000000d5a00000,0x00000000d5a00000,0x00000000d5a80000)
 ParOldGen       total 780288K, used 780187K [0x0000000080000000, 0x00000000afa00000, 0x00000000d5580000)
  object space 780288K, 99% used [0x0000000080000000,0x00000000af9e6e88,0x00000000afa00000)
 Metaspace       used 109244K, committed 111232K, reserved 1179648K
  class space    used 10652K, committed 11776K, reserved 1048576K
}
Event: 80199.259 GC heap before
{Heap before GC invocations=9863 (full 15):
 PSYoungGen      total 4608K, used 4400K [0x00000000d5580000, 0x00000000d5b00000, 0x0000000100000000)
  eden space 4096K, 100% used [0x00000000d5580000,0x00000000d5980000,0x00000000d5980000)
  from space 512K, 59% used [0x00000000d5a80000,0x00000000d5acc030,0x00000000d5b00000)
  to   space 512K, 0% used [0x00000000d5a00000,0x00000000d5a00000,0x00000000d5a80000)
 ParOldGen       total 780288K, used 780187K [0x0000000080000000, 0x00000000afa00000, 0x00000000d5580000)
  object space 780288K, 99% used [0x0000000080000000,0x00000000af9e6e88,0x00000000afa00000)
 Metaspace       used 109245K, committed 111232K, reserved 1179648K
  class space    used 10652K, committed 11776K, reserved 1048576K
}
Event: 80199.711 GC heap after
{Heap after GC invocations=9863 (full 15):
 PSYoungGen      total 4608K, used 160K [0x00000000d5580000, 0x00000000d5b00000, 0x0000000100000000)
  eden space 4096K, 0% used [0x00000000d5580000,0x00000000d5580000,0x00000000d5980000)
  from space 512K, 31% used [0x00000000d5a00000,0x00000000d5a28000,0x00000000d5a80000)
  to   space 512K, 0% used [0x00000000d5a80000,0x00000000d5a80000,0x00000000d5b00000)
 ParOldGen       total 780288K, used 780251K [0x0000000080000000, 0x00000000afa00000, 0x00000000d5580000)
  object space 780288K, 99% used [0x0000000080000000,0x00000000af9f6e88,0x00000000afa00000)
 Metaspace       used 109245K, committed 111232K, reserved 1179648K
  class space    used 10652K, committed 11776K, reserved 1048576K
}
Event: 92229.273 GC heap before
{Heap before GC invocations=9864 (full 15):
 PSYoungGen      total 4608K, used 4256K [0x00000000d5580000, 0x00000000d5b00000, 0x0000000100000000)
  eden space 4096K, 100% used [0x00000000d5580000,0x00000000d5980000,0x00000000d5980000)
  from space 512K, 31% used [0x00000000d5a00000,0x00000000d5a28000,0x00000000d5a80000)
  to   space 512K, 0% used [0x00000000d5a80000,0x00000000d5a80000,0x00000000d5b00000)
 ParOldGen       total 780288K, used 780251K [0x0000000080000000, 0x00000000afa00000, 0x00000000d5580000)
  object space 780288K, 99% used [0x0000000080000000,0x00000000af9f6e88,0x00000000afa00000)
 Metaspace       used 109245K, committed 111232K, reserved 1179648K
  class space    used 10652K, committed 11776K, reserved 1048576K
}
Event: 92229.638 GC heap after
{Heap after GC invocations=9864 (full 15):
 PSYoungGen      total 4608K, used 160K [0x00000000d5580000, 0x00000000d5b00000, 0x0000000100000000)
  eden space 4096K, 0% used [0x00000000d5580000,0x00000000d5580000,0x00000000d5980000)
  from space 512K, 31% used [0x00000000d5a80000,0x00000000d5aa8000,0x00000000d5b00000)
  to   space 512K, 0% used [0x00000000d5a00000,0x00000000d5a00000,0x00000000d5a80000)
 ParOldGen       total 780800K, used 780291K [0x0000000080000000, 0x00000000afa80000, 0x00000000d5580000)
  object space 780800K, 99% used [0x0000000080000000,0x00000000afa00e88,0x00000000afa80000)
 Metaspace       used 109245K, committed 111232K, reserved 1179648K
  class space    used 10652K, committed 11776K, reserved 1048576K
}

