# JRE version: OpenJDK Runtime Environment Temurin-21.0.8+9 (21.0.8+9) (build 21.0.8+9-LTS)
# Java VM: OpenJDK 64-Bit Server VM Temurin-21.0.8+9 (21.0.8+9-LTS, mixed mode, sharing, tiered, compressed oops, compressed class ptrs, parallel gc, windows-amd64)
GC Precious Log:
 CardTable entry size: 512
 CPUs: 8 total, 8 available
 Memory: 3719M
 Large Page Support: Disabled
 NUMA Support: Disabled
 Compressed Oops: Enabled (32-bit)
 Alignments: Space 512K, Generation 512K, Heap 2M
 Heap Min Capacity: 100M
 Heap Initial Capacity: 100M
 Heap Max Capacity: 2G
 Pre-touch: Disabled
 Parallel Workers: 8
Heap:
 PSYoungGen      total 4608K, used 2744K [0x00000000d5580000, 0x00000000d5b00000, 0x0000000100000000)
  eden space 4096K, 62% used [0x00000000d5580000,0x00000000d57fe240,0x00000000d5980000)
  from space 512K, 37% used [0x00000000d5a80000,0x00000000d5ab0000,0x00000000d5b00000)
  to   space 512K, 0% used [0x00000000d5a00000,0x00000000d5a00000,0x00000000d5a80000)
 ParOldGen       total 691200K, used 690815K [0x0000000080000000, 0x00000000aa300000, 0x00000000d5580000)
  object space 691200K, 99% used [0x0000000080000000,0x00000000aa29fe78,0x00000000aa300000)
 Metaspace       used 101893K, committed 103808K, reserved 1179648K
  class space    used 10542K, committed 11392K, reserved 1048576K
GC Heap History (20 events):
Event: 9132.049 GC heap before
{Heap before GC invocations=2981 (full 7):
 PSYoungGen      total 4608K, used 4384K [0x00000000d5580000, 0x00000000d5b00000, 0x0000000100000000)
  eden space 4096K, 100% used [0x00000000d5580000,0x00000000d5980000,0x00000000d5980000)
  from space 512K, 56% used [0x00000000d5a80000,0x00000000d5ac8000,0x00000000d5b00000)
  to   space 512K, 0% used [0x00000000d5a00000,0x00000000d5a00000,0x00000000d5a80000)
 ParOldGen       total 687616K, used 687562K [0x0000000080000000, 0x00000000a9f80000, 0x00000000d5580000)
  object space 687616K, 99% used [0x0000000080000000,0x00000000a9f72b18,0x00000000a9f80000)
 Metaspace       used 101608K, committed 103488K, reserved 1179648K
  class space    used 10501K, committed 11328K, reserved 1048576K
}
Event: 9132.055 GC heap after
{Heap after GC invocations=2981 (full 7):
 PSYoungGen      total 4608K, used 490K [0x00000000d5580000, 0x00000000d5b80000, 0x0000000100000000)
  eden space 4096K, 0% used [0x00000000d5580000,0x00000000d5580000,0x00000000d5980000)
  from space 512K, 95% used [0x00000000d5a00000,0x00000000d5a7a910,0x00000000d5a80000)
  to   space 1024K, 0% used [0x00000000d5a80000,0x00000000d5a80000,0x00000000d5b80000)
 ParOldGen       total 688128K, used 687674K [0x0000000080000000, 0x00000000aa000000, 0x00000000d5580000)
  object space 688128K, 99% used [0x0000000080000000,0x00000000a9f8eb18,0x00000000aa000000)
 Metaspace       used 101608K, committed 103488K, reserved 1179648K
  class space    used 10501K, committed 11328K, reserved 1048576K
}
Event: 9133.041 GC heap before
{Heap before GC invocations=2982 (full 7):
 PSYoungGen      total 4608K, used 4586K [0x00000000d5580000, 0x00000000d5b80000, 0x0000000100000000)
  eden space 4096K, 100% used [0x00000000d5580000,0x00000000d5980000,0x00000000d5980000)
  from space 512K, 95% used [0x00000000d5a00000,0x00000000d5a7a910,0x00000000d5a80000)
  to   space 1024K, 0% used [0x00000000d5a80000,0x00000000d5a80000,0x00000000d5b80000)
 ParOldGen       total 688128K, used 687674K [0x0000000080000000, 0x00000000aa000000, 0x00000000d5580000)
  object space 688128K, 99% used [0x0000000080000000,0x00000000a9f8eb18,0x00000000aa000000)
 Metaspace       used 101610K, committed 103488K, reserved 1179648K
  class space    used 10501K, committed 11328K, reserved 1048576K
}
Event: 9133.059 GC heap after
{Heap after GC invocations=2982 (full 7):
 PSYoungGen      total 5120K, used 720K [0x00000000d5580000, 0x00000000d5b80000, 0x0000000100000000)
  eden space 4096K, 0% used [0x00000000d5580000,0x00000000d5580000,0x00000000d5980000)
  from space 1024K, 70% used [0x00000000d5a80000,0x00000000d5b34010,0x00000000d5b80000)
  to   space 1024K, 0% used [0x00000000d5980000,0x00000000d5980000,0x00000000d5a80000)
 ParOldGen       total 688128K, used 688093K [0x0000000080000000, 0x00000000aa000000, 0x00000000d5580000)
  object space 688128K, 99% used [0x0000000080000000,0x00000000a9ff7568,0x00000000aa000000)
 Metaspace       used 101610K, committed 103488K, reserved 1179648K
  class space    used 10501K, committed 11328K, reserved 1048576K
}
Event: 9133.092 GC heap before
{Heap before GC invocations=2983 (full 7):
 PSYoungGen      total 5120K, used 4816K [0x00000000d5580000, 0x00000000d5b80000, 0x0000000100000000)
  eden space 4096K, 100% used [0x00000000d5580000,0x00000000d5980000,0x00000000d5980000)
  from space 1024K, 70% used [0x00000000d5a80000,0x00000000d5b34010,0x00000000d5b80000)
  to   space 1024K, 0% used [0x00000000d5980000,0x00000000d5980000,0x00000000d5a80000)
 ParOldGen       total 688128K, used 688093K [0x0000000080000000, 0x00000000aa000000, 0x00000000d5580000)
  object space 688128K, 99% used [0x0000000080000000,0x00000000a9ff7568,0x00000000aa000000)
 Metaspace       used 101610K, committed 103488K, reserved 1179648K
  class space    used 10501K, committed 11328K, reserved 1048576K
}
Event: 9133.098 GC heap after
{Heap after GC invocations=2983 (full 7):
 PSYoungGen      total 5120K, used 682K [0x00000000d5580000, 0x00000000d5b80000, 0x0000000100000000)
  eden space 4096K, 0% used [0x00000000d5580000,0x00000000d5580000,0x00000000d5980000)
  from space 1024K, 66% used [0x00000000d5980000,0x00000000d5a2a910,0x00000000d5a80000)
  to   space 1024K, 0% used [0x00000000d5a80000,0x00000000d5a80000,0x00000000d5b80000)
 ParOldGen       total 688640K, used 688613K [0x0000000080000000, 0x00000000aa080000, 0x00000000d5580000)
  object space 688640K, 99% used [0x0000000080000000,0x00000000aa079568,0x00000000aa080000)
 Metaspace       used 101610K, committed 103488K, reserved 1179648K
  class space    used 10501K, committed 11328K, reserved 1048576K
}
Event: 9134.048 GC heap before
{Heap before GC invocations=2984 (full 7):
 PSYoungGen      total 5120K, used 4778K [0x00000000d5580000, 0x00000000d5b80000, 0x0000000100000000)
  eden space 4096K, 100% used [0x00000000d5580000,0x00000000d5980000,0x00000000d5980000)
  from space 1024K, 66% used [0x00000000d5980000,0x00000000d5a2a910,0x00000000d5a80000)
  to   space 1024K, 0% used [0x00000000d5a80000,0x00000000d5a80000,0x00000000d5b80000)
 ParOldGen       total 688640K, used 688613K [0x0000000080000000, 0x00000000aa080000, 0x00000000d5580000)
  object space 688640K, 99% used [0x0000000080000000,0x00000000aa079568,0x00000000aa080000)
 Metaspace       used 101614K, committed 103488K, reserved 1179648K
  class space    used 10501K, committed 11328K, reserved 1048576K
}
Event: 9134.059 GC heap after
{Heap after GC invocations=2984 (full 7):
 PSYoungGen      total 5120K, used 656K [0x00000000d5580000, 0x00000000d5b80000, 0x0000000100000000)
  eden space 4096K, 0% used [0x00000000d5580000,0x00000000d5580000,0x00000000d5980000)
  from space 1024K, 64% used [0x00000000d5a80000,0x00000000d5b24010,0x00000000d5b80000)
  to   space 1024K, 0% used [0x00000000d5980000,0x00000000d5980000,0x00000000d5a80000)
 ParOldGen       total 689664K, used 689201K [0x0000000080000000, 0x00000000aa180000, 0x00000000d5580000)
  object space 689664K, 99% used [0x0000000080000000,0x00000000aa10c778,0x00000000aa180000)
 Metaspace       used 101614K, committed 103488K, reserved 1179648K
  class space    used 10501K, committed 11328K, reserved 1048576K
}
Event: 9134.081 GC heap before
{Heap before GC invocations=2985 (full 7):
 PSYoungGen      total 5120K, used 4752K [0x00000000d5580000, 0x00000000d5b80000, 0x0000000100000000)
  eden space 4096K, 100% used [0x00000000d5580000,0x00000000d5980000,0x00000000d5980000)
  from space 1024K, 64% used [0x00000000d5a80000,0x00000000d5b24010,0x00000000d5b80000)
  to   space 1024K, 0% used [0x00000000d5980000,0x00000000d5980000,0x00000000d5a80000)
 ParOldGen       total 689664K, used 689201K [0x0000000080000000, 0x00000000aa180000, 0x00000000d5580000)
  object space 689664K, 99% used [0x0000000080000000,0x00000000aa10c778,0x00000000aa180000)
 Metaspace       used 101614K, committed 103488K, reserved 1179648K
  class space    used 10501K, committed 11328K, reserved 1048576K
}
Event: 9134.096 GC heap after
{Heap after GC invocations=2985 (full 7):
 PSYoungGen      total 5120K, used 698K [0x00000000d5580000, 0x00000000d5b80000, 0x0000000100000000)
  eden space 4096K, 0% used [0x00000000d5580000,0x00000000d5580000,0x00000000d5980000)
  from space 1024K, 68% used [0x00000000d5980000,0x00000000d5a2e900,0x00000000d5a80000)
  to   space 1024K, 0% used [0x00000000d5a80000,0x00000000d5a80000,0x00000000d5b80000)
 ParOldGen       total 690176K, used 689664K [0x0000000080000000, 0x00000000aa200000, 0x00000000d5580000)
  object space 690176K, 99% used [0x0000000080000000,0x00000000aa180248,0x00000000aa200000)
 Metaspace       used 101614K, committed 103488K, reserved 1179648K
  class space    used 10501K, committed 11328K, reserved 1048576K
}
Event: 11015.930 GC heap before
{Heap before GC invocations=2986 (full 7):
 PSYoungGen      total 5120K, used 4794K [0x00000000d5580000, 0x00000000d5b80000, 0x0000000100000000)
  eden space 4096K, 100% used [0x00000000d5580000,0x00000000d5980000,0x00000000d5980000)
  from space 1024K, 68% used [0x00000000d5980000,0x00000000d5a2e900,0x00000000d5a80000)
  to   space 1024K, 0% used [0x00000000d5a80000,0x00000000d5a80000,0x00000000d5b80000)
 ParOldGen       total 690176K, used 689664K [0x0000000080000000, 0x00000000aa200000, 0x00000000d5580000)
  object space 690176K, 99% used [0x0000000080000000,0x00000000aa180248,0x00000000aa200000)
 Metaspace       used 101633K, committed 103488K, reserved 1179648K
  class space    used 10501K, committed 11328K, reserved 1048576K
}
Event: 11016.259 GC heap after
{Heap after GC invocations=2986 (full 7):
 PSYoungGen      total 5120K, used 480K [0x00000000d5580000, 0x00000000d5b80000, 0x0000000100000000)
  eden space 4096K, 0% used [0x00000000d5580000,0x00000000d5580000,0x00000000d5980000)
  from space 1024K, 46% used [0x00000000d5a80000,0x00000000d5af8000,0x00000000d5b80000)
  to   space 1024K, 0% used [0x00000000d5980000,0x00000000d5980000,0x00000000d5a80000)
 ParOldGen       total 690688K, used 690269K [0x0000000080000000, 0x00000000aa280000, 0x00000000d5580000)
  object space 690688K, 99% used [0x0000000080000000,0x00000000aa217458,0x00000000aa280000)
 Metaspace       used 101633K, committed 103488K, reserved 1179648K
  class space    used 10501K, committed 11328K, reserved 1048576K
}
Event: 11042.596 GC heap before
{Heap before GC invocations=2987 (full 7):
 PSYoungGen      total 5120K, used 4576K [0x00000000d5580000, 0x00000000d5b80000, 0x0000000100000000)
  eden space 4096K, 100% used [0x00000000d5580000,0x00000000d5980000,0x00000000d5980000)
  from space 1024K, 46% used [0x00000000d5a80000,0x00000000d5af8000,0x00000000d5b80000)
  to   space 1024K, 0% used [0x00000000d5980000,0x00000000d5980000,0x00000000d5a80000)
 ParOldGen       total 690688K, used 690269K [0x0000000080000000, 0x00000000aa280000, 0x00000000d5580000)
  object space 690688K, 99% used [0x0000000080000000,0x00000000aa217458,0x00000000aa280000)
 Metaspace       used 101680K, committed 103488K, reserved 1179648K
  class space    used 10512K, committed 11328K, reserved 1048576K
}
Event: 11042.924 GC heap after
{Heap after GC invocations=2987 (full 7):
 PSYoungGen      total 5120K, used 256K [0x00000000d5580000, 0x00000000d5b00000, 0x0000000100000000)
  eden space 4096K, 0% used [0x00000000d5580000,0x00000000d5580000,0x00000000d5980000)
  from space 1024K, 25% used [0x00000000d5980000,0x00000000d59c0000,0x00000000d5a80000)
  to   space 512K, 0% used [0x00000000d5a80000,0x00000000d5a80000,0x00000000d5b00000)
 ParOldGen       total 690688K, used 690655K [0x0000000080000000, 0x00000000aa280000, 0x00000000d5580000)
  object space 690688K, 99% used [0x0000000080000000,0x00000000aa277e58,0x00000000aa280000)
 Metaspace       used 101680K, committed 103488K, reserved 1179648K
  class space    used 10512K, committed 11328K, reserved 1048576K
}
Event: 11044.909 GC heap before
{Heap before GC invocations=2988 (full 7):
 PSYoungGen      total 5120K, used 4187K [0x00000000d5580000, 0x00000000d5b00000, 0x0000000100000000)
  eden space 4096K, 95% used [0x00000000d5580000,0x00000000d5956e60,0x00000000d5980000)
  from space 1024K, 25% used [0x00000000d5980000,0x00000000d59c0000,0x00000000d5a80000)
  to   space 512K, 0% used [0x00000000d5a80000,0x00000000d5a80000,0x00000000d5b00000)
 ParOldGen       total 690688K, used 690655K [0x0000000080000000, 0x00000000aa280000, 0x00000000d5580000)
  object space 690688K, 99% used [0x0000000080000000,0x00000000aa277e58,0x00000000aa280000)
 Metaspace       used 101680K, committed 103488K, reserved 1179648K
  class space    used 10512K, committed 11328K, reserved 1048576K
}
Event: 11044.923 GC heap after
{Heap after GC invocations=2988 (full 7):
 PSYoungGen      total 4608K, used 160K [0x00000000d5580000, 0x00000000d5b00000, 0x0000000100000000)
  eden space 4096K, 0% used [0x00000000d5580000,0x00000000d5580000,0x00000000d5980000)
  from space 512K, 31% used [0x00000000d5a80000,0x00000000d5aa8000,0x00000000d5b00000)
  to   space 512K, 0% used [0x00000000d5a00000,0x00000000d5a00000,0x00000000d5a80000)
 ParOldGen       total 691200K, used 690751K [0x0000000080000000, 0x00000000aa300000, 0x00000000d5580000)
  object space 691200K, 99% used [0x0000000080000000,0x00000000aa28fe78,0x00000000aa300000)
 Metaspace       used 101680K, committed 103488K, reserved 1179648K
  class space    used 10512K, committed 11328K, reserved 1048576K
}
Event: 11051.772 GC heap before
{Heap before GC invocations=2989 (full 7):
 PSYoungGen      total 4608K, used 4243K [0x00000000d5580000, 0x00000000d5b00000, 0x0000000100000000)
  eden space 4096K, 99% used [0x00000000d5580000,0x00000000d597cde0,0x00000000d5980000)
  from space 512K, 31% used [0x00000000d5a80000,0x00000000d5aa8000,0x00000000d5b00000)
  to   space 512K, 0% used [0x00000000d5a00000,0x00000000d5a00000,0x00000000d5a80000)
 ParOldGen       total 691200K, used 690751K [0x0000000080000000, 0x00000000aa300000, 0x00000000d5580000)
  object space 691200K, 99% used [0x0000000080000000,0x00000000aa28fe78,0x00000000aa300000)
 Metaspace       used 101680K, committed 103488K, reserved 1179648K
  class space    used 10512K, committed 11328K, reserved 1048576K
}
Event: 11052.136 GC heap after
{Heap after GC invocations=2989 (full 7):
 PSYoungGen      total 4608K, used 160K [0x00000000d5580000, 0x00000000d5b00000, 0x0000000100000000)
  eden space 4096K, 0% used [0x00000000d5580000,0x00000000d5580000,0x00000000d5980000)
  from space 512K, 31% used [0x00000000d5a00000,0x00000000d5a28000,0x00000000d5a80000)
  to   space 512K, 0% used [0x00000000d5a80000,0x00000000d5a80000,0x00000000d5b00000)
 ParOldGen       total 691200K, used 690783K [0x0000000080000000, 0x00000000aa300000, 0x00000000d5580000)
  object space 691200K, 99% used [0x0000000080000000,0x00000000aa297e78,0x00000000aa300000)
 Metaspace       used 101680K, committed 103488K, reserved 1179648K
  class space    used 10512K, committed 11328K, reserved 1048576K
}
Event: 11068.909 GC heap before
{Heap before GC invocations=2990 (full 7):
 PSYoungGen      total 4608K, used 4256K [0x00000000d5580000, 0x00000000d5b00000, 0x0000000100000000)
  eden space 4096K, 100% used [0x00000000d5580000,0x00000000d5980000,0x00000000d5980000)
  from space 512K, 31% used [0x00000000d5a00000,0x00000000d5a28000,0x00000000d5a80000)
  to   space 512K, 0% used [0x00000000d5a80000,0x00000000d5a80000,0x00000000d5b00000)
 ParOldGen       total 691200K, used 690783K [0x0000000080000000, 0x00000000aa300000, 0x00000000d5580000)
  object space 691200K, 99% used [0x0000000080000000,0x00000000aa297e78,0x00000000aa300000)
 Metaspace       used 101731K, committed 103488K, reserved 1179648K
  class space    used 10516K, committed 11328K, reserved 1048576K
}
Event: 11069.299 GC heap after
{Heap after GC invocations=2990 (full 7):
 PSYoungGen      total 4608K, used 192K [0x00000000d5580000, 0x00000000d5b00000, 0x0000000100000000)
  eden space 4096K, 0% used [0x00000000d5580000,0x00000000d5580000,0x00000000d5980000)
  from space 512K, 37% used [0x00000000d5a80000,0x00000000d5ab0000,0x00000000d5b00000)
  to   space 512K, 0% used [0x00000000d5a00000,0x00000000d5a00000,0x00000000d5a80000)
 ParOldGen       total 691200K, used 690815K [0x0000000080000000, 0x00000000aa300000, 0x00000000d5580000)
  object space 691200K, 99% used [0x0000000080000000,0x00000000aa29fe78,0x00000000aa300000)
 Metaspace       used 101731K, committed 103488K, reserved 1179648K
  class space    used 10516K, committed 11328K, reserved 1048576K
}

