# JRE version: OpenJDK Runtime Environment Temurin-21.0.8+9 (21.0.8+9) (build 21.0.8+9-LTS)
# Java VM: OpenJDK 64-Bit Server VM Temurin-21.0.8+9 (21.0.8+9-LTS, mixed mode, sharing, tiered, compressed oops, compressed class ptrs, parallel gc, windows-amd64)
GC Precious Log:
 CardTable entry size: 512
 CPUs: 8 total, 8 available
 Memory: 3719M
 Large Page Support: Disabled
 NUMA Support: Disabled
 Compressed Oops: Enabled (32-bit)
 Alignments: Space 512K, Generation 512K, Heap 2M
 Heap Min Capacity: 100M
 Heap Initial Capacity: 100M
 Heap Max Capacity: 2G
 Pre-touch: Disabled
 Parallel Workers: 8
Heap:
 PSYoungGen      total 5632K, used 4165K [0x00000000d5580000, 0x00000000d5d00000, 0x0000000100000000)
  eden space 4608K, 75% used [0x00000000d5580000,0x00000000d58e9700,0x00000000d5a00000)
  from space 1024K, 65% used [0x00000000d5a00000,0x00000000d5aa8000,0x00000000d5b00000)
  to   space 1536K, 0% used [0x00000000d5b80000,0x00000000d5b80000,0x00000000d5d00000)
 ParOldGen       total 167424K, used 113273K [0x0000000080000000, 0x000000008a380000, 0x00000000d5580000)
  object space 167424K, 67% used [0x0000000080000000,0x0000000086e9e478,0x000000008a380000)
 Metaspace       used 66942K, committed 68480K, reserved 1114112K
  class space    used 7193K, committed 7872K, reserved 1048576K
GC Heap History (20 events):
Event: 40.592 GC heap before
{Heap before GC invocations=173 (full 3):
 PSYoungGen      total 6656K, used 6640K [0x00000000d5580000, 0x00000000d5d80000, 0x0000000100000000)
  eden space 6144K, 100% used [0x00000000d5580000,0x00000000d5b80000,0x00000000d5b80000)
  from space 512K, 96% used [0x00000000d5c00000,0x00000000d5c7c020,0x00000000d5c80000)
  to   space 1024K, 0% used [0x00000000d5c80000,0x00000000d5c80000,0x00000000d5d80000)
 ParOldGen       total 167424K, used 110062K [0x0000000080000000, 0x000000008a380000, 0x00000000d5580000)
  object space 167424K, 65% used [0x0000000080000000,0x0000000086b7b950,0x000000008a380000)
 Metaspace       used 63177K, committed 64576K, reserved 1114112K
  class space    used 6699K, committed 7296K, reserved 1048576K
}
Event: 40.595 GC heap after
{Heap after GC invocations=173 (full 3):
 PSYoungGen      total 7168K, used 480K [0x00000000d5580000, 0x00000000d5d80000, 0x0000000100000000)
  eden space 6144K, 0% used [0x00000000d5580000,0x00000000d5580000,0x00000000d5b80000)
  from space 1024K, 46% used [0x00000000d5c80000,0x00000000d5cf8000,0x00000000d5d80000)
  to   space 1024K, 0% used [0x00000000d5b80000,0x00000000d5b80000,0x00000000d5c80000)
 ParOldGen       total 167424K, used 110342K [0x0000000080000000, 0x000000008a380000, 0x00000000d5580000)
  object space 167424K, 65% used [0x0000000080000000,0x0000000086bc1970,0x000000008a380000)
 Metaspace       used 63177K, committed 64576K, reserved 1114112K
  class space    used 6699K, committed 7296K, reserved 1048576K
}
Event: 40.821 GC heap before
{Heap before GC invocations=174 (full 3):
 PSYoungGen      total 7168K, used 6624K [0x00000000d5580000, 0x00000000d5d80000, 0x0000000100000000)
  eden space 6144K, 100% used [0x00000000d5580000,0x00000000d5b80000,0x00000000d5b80000)
  from space 1024K, 46% used [0x00000000d5c80000,0x00000000d5cf8000,0x00000000d5d80000)
  to   space 1024K, 0% used [0x00000000d5b80000,0x00000000d5b80000,0x00000000d5c80000)
 ParOldGen       total 167424K, used 110342K [0x0000000080000000, 0x000000008a380000, 0x00000000d5580000)
  object space 167424K, 65% used [0x0000000080000000,0x0000000086bc1970,0x000000008a380000)
 Metaspace       used 63195K, committed 64640K, reserved 1114112K
  class space    used 6699K, committed 7296K, reserved 1048576K
}
Event: 40.822 GC heap after
{Heap after GC invocations=174 (full 3):
 PSYoungGen      total 7168K, used 224K [0x00000000d5580000, 0x00000000d5d00000, 0x0000000100000000)
  eden space 6144K, 0% used [0x00000000d5580000,0x00000000d5580000,0x00000000d5b80000)
  from space 1024K, 21% used [0x00000000d5b80000,0x00000000d5bb8000,0x00000000d5c80000)
  to   space 512K, 0% used [0x00000000d5c80000,0x00000000d5c80000,0x00000000d5d00000)
 ParOldGen       total 167424K, used 110691K [0x0000000080000000, 0x000000008a380000, 0x00000000d5580000)
  object space 167424K, 66% used [0x0000000080000000,0x0000000086c18f38,0x000000008a380000)
 Metaspace       used 63195K, committed 64640K, reserved 1114112K
  class space    used 6699K, committed 7296K, reserved 1048576K
}
Event: 40.899 GC heap before
{Heap before GC invocations=175 (full 3):
 PSYoungGen      total 7168K, used 6368K [0x00000000d5580000, 0x00000000d5d00000, 0x0000000100000000)
  eden space 6144K, 100% used [0x00000000d5580000,0x00000000d5b80000,0x00000000d5b80000)
  from space 1024K, 21% used [0x00000000d5b80000,0x00000000d5bb8000,0x00000000d5c80000)
  to   space 512K, 0% used [0x00000000d5c80000,0x00000000d5c80000,0x00000000d5d00000)
 ParOldGen       total 167424K, used 110691K [0x0000000080000000, 0x000000008a380000, 0x00000000d5580000)
  object space 167424K, 66% used [0x0000000080000000,0x0000000086c18f38,0x000000008a380000)
 Metaspace       used 63207K, committed 64640K, reserved 1114112K
  class space    used 6699K, committed 7296K, reserved 1048576K
}
Event: 40.900 GC heap after
{Heap after GC invocations=175 (full 3):
 PSYoungGen      total 6656K, used 288K [0x00000000d5580000, 0x00000000d5d00000, 0x0000000100000000)
  eden space 6144K, 0% used [0x00000000d5580000,0x00000000d5580000,0x00000000d5b80000)
  from space 512K, 56% used [0x00000000d5c80000,0x00000000d5cc8000,0x00000000d5d00000)
  to   space 512K, 0% used [0x00000000d5c00000,0x00000000d5c00000,0x00000000d5c80000)
 ParOldGen       total 167424K, used 110747K [0x0000000080000000, 0x000000008a380000, 0x00000000d5580000)
  object space 167424K, 66% used [0x0000000080000000,0x0000000086c26f38,0x000000008a380000)
 Metaspace       used 63207K, committed 64640K, reserved 1114112K
  class space    used 6699K, committed 7296K, reserved 1048576K
}
Event: 41.094 GC heap before
{Heap before GC invocations=176 (full 3):
 PSYoungGen      total 6656K, used 6431K [0x00000000d5580000, 0x00000000d5d00000, 0x0000000100000000)
  eden space 6144K, 99% used [0x00000000d5580000,0x00000000d5b7ffe8,0x00000000d5b80000)
  from space 512K, 56% used [0x00000000d5c80000,0x00000000d5cc8000,0x00000000d5d00000)
  to   space 512K, 0% used [0x00000000d5c00000,0x00000000d5c00000,0x00000000d5c80000)
 ParOldGen       total 167424K, used 110747K [0x0000000080000000, 0x000000008a380000, 0x00000000d5580000)
  object space 167424K, 66% used [0x0000000080000000,0x0000000086c26f38,0x000000008a380000)
 Metaspace       used 63559K, committed 65024K, reserved 1114112K
  class space    used 6722K, committed 7360K, reserved 1048576K
}
Event: 41.096 GC heap after
{Heap after GC invocations=176 (full 3):
 PSYoungGen      total 6656K, used 256K [0x00000000d5580000, 0x00000000d5d00000, 0x0000000100000000)
  eden space 6144K, 0% used [0x00000000d5580000,0x00000000d5580000,0x00000000d5b80000)
  from space 512K, 50% used [0x00000000d5c00000,0x00000000d5c40000,0x00000000d5c80000)
  to   space 512K, 0% used [0x00000000d5c80000,0x00000000d5c80000,0x00000000d5d00000)
 ParOldGen       total 167424K, used 110891K [0x0000000080000000, 0x000000008a380000, 0x00000000d5580000)
  object space 167424K, 66% used [0x0000000080000000,0x0000000086c4af38,0x000000008a380000)
 Metaspace       used 63559K, committed 65024K, reserved 1114112K
  class space    used 6722K, committed 7360K, reserved 1048576K
}
Event: 41.282 GC heap before
{Heap before GC invocations=177 (full 3):
 PSYoungGen      total 6656K, used 6400K [0x00000000d5580000, 0x00000000d5d00000, 0x0000000100000000)
  eden space 6144K, 100% used [0x00000000d5580000,0x00000000d5b80000,0x00000000d5b80000)
  from space 512K, 50% used [0x00000000d5c00000,0x00000000d5c40000,0x00000000d5c80000)
  to   space 512K, 0% used [0x00000000d5c80000,0x00000000d5c80000,0x00000000d5d00000)
 ParOldGen       total 167424K, used 110891K [0x0000000080000000, 0x000000008a380000, 0x00000000d5580000)
  object space 167424K, 66% used [0x0000000080000000,0x0000000086c4af38,0x000000008a380000)
 Metaspace       used 64339K, committed 65792K, reserved 1114112K
  class space    used 6809K, committed 7488K, reserved 1048576K
}
Event: 41.283 GC heap after
{Heap after GC invocations=177 (full 3):
 PSYoungGen      total 6656K, used 369K [0x00000000d5580000, 0x00000000d5d00000, 0x0000000100000000)
  eden space 6144K, 0% used [0x00000000d5580000,0x00000000d5580000,0x00000000d5b80000)
  from space 512K, 72% used [0x00000000d5c80000,0x00000000d5cdc5d0,0x00000000d5d00000)
  to   space 512K, 0% used [0x00000000d5c00000,0x00000000d5c00000,0x00000000d5c80000)
 ParOldGen       total 167424K, used 111011K [0x0000000080000000, 0x000000008a380000, 0x00000000d5580000)
  object space 167424K, 66% used [0x0000000080000000,0x0000000086c68f38,0x000000008a380000)
 Metaspace       used 64339K, committed 65792K, reserved 1114112K
  class space    used 6809K, committed 7488K, reserved 1048576K
}
Event: 41.376 GC heap before
{Heap before GC invocations=178 (full 3):
 PSYoungGen      total 6656K, used 6513K [0x00000000d5580000, 0x00000000d5d00000, 0x0000000100000000)
  eden space 6144K, 100% used [0x00000000d5580000,0x00000000d5b80000,0x00000000d5b80000)
  from space 512K, 72% used [0x00000000d5c80000,0x00000000d5cdc5d0,0x00000000d5d00000)
  to   space 512K, 0% used [0x00000000d5c00000,0x00000000d5c00000,0x00000000d5c80000)
 ParOldGen       total 167424K, used 111011K [0x0000000080000000, 0x000000008a380000, 0x00000000d5580000)
  object space 167424K, 66% used [0x0000000080000000,0x0000000086c68f38,0x000000008a380000)
 Metaspace       used 64684K, committed 66112K, reserved 1114112K
  class space    used 6855K, committed 7488K, reserved 1048576K
}
Event: 41.378 GC heap after
{Heap after GC invocations=178 (full 3):
 PSYoungGen      total 6656K, used 256K [0x00000000d5580000, 0x00000000d5d00000, 0x0000000100000000)
  eden space 6144K, 0% used [0x00000000d5580000,0x00000000d5580000,0x00000000d5b80000)
  from space 512K, 50% used [0x00000000d5c00000,0x00000000d5c40000,0x00000000d5c80000)
  to   space 512K, 0% used [0x00000000d5c80000,0x00000000d5c80000,0x00000000d5d00000)
 ParOldGen       total 167424K, used 111229K [0x0000000080000000, 0x000000008a380000, 0x00000000d5580000)
  object space 167424K, 66% used [0x0000000080000000,0x0000000086c9f508,0x000000008a380000)
 Metaspace       used 64684K, committed 66112K, reserved 1114112K
  class space    used 6855K, committed 7488K, reserved 1048576K
}
Event: 41.499 GC heap before
{Heap before GC invocations=179 (full 3):
 PSYoungGen      total 6656K, used 6400K [0x00000000d5580000, 0x00000000d5d00000, 0x0000000100000000)
  eden space 6144K, 100% used [0x00000000d5580000,0x00000000d5b80000,0x00000000d5b80000)
  from space 512K, 50% used [0x00000000d5c00000,0x00000000d5c40000,0x00000000d5c80000)
  to   space 512K, 0% used [0x00000000d5c80000,0x00000000d5c80000,0x00000000d5d00000)
 ParOldGen       total 167424K, used 111229K [0x0000000080000000, 0x000000008a380000, 0x00000000d5580000)
  object space 167424K, 66% used [0x0000000080000000,0x0000000086c9f508,0x000000008a380000)
 Metaspace       used 65254K, committed 66688K, reserved 1114112K
  class space    used 6953K, committed 7616K, reserved 1048576K
}
Event: 41.500 GC heap after
{Heap after GC invocations=179 (full 3):
 PSYoungGen      total 6656K, used 336K [0x00000000d5580000, 0x00000000d5d00000, 0x0000000100000000)
  eden space 6144K, 0% used [0x00000000d5580000,0x00000000d5580000,0x00000000d5b80000)
  from space 512K, 65% used [0x00000000d5c80000,0x00000000d5cd4010,0x00000000d5d00000)
  to   space 512K, 0% used [0x00000000d5c00000,0x00000000d5c00000,0x00000000d5c80000)
 ParOldGen       total 167424K, used 111293K [0x0000000080000000, 0x000000008a380000, 0x00000000d5580000)
  object space 167424K, 66% used [0x0000000080000000,0x0000000086caf508,0x000000008a380000)
 Metaspace       used 65254K, committed 66688K, reserved 1114112K
  class space    used 6953K, committed 7616K, reserved 1048576K
}
Event: 41.636 GC heap before
{Heap before GC invocations=180 (full 3):
 PSYoungGen      total 6656K, used 6475K [0x00000000d5580000, 0x00000000d5d00000, 0x0000000100000000)
  eden space 6144K, 99% used [0x00000000d5580000,0x00000000d5b7ed78,0x00000000d5b80000)
  from space 512K, 65% used [0x00000000d5c80000,0x00000000d5cd4010,0x00000000d5d00000)
  to   space 512K, 0% used [0x00000000d5c00000,0x00000000d5c00000,0x00000000d5c80000)
 ParOldGen       total 167424K, used 111293K [0x0000000080000000, 0x000000008a380000, 0x00000000d5580000)
  object space 167424K, 66% used [0x0000000080000000,0x0000000086caf508,0x000000008a380000)
 Metaspace       used 65767K, committed 67264K, reserved 1114112K
  class space    used 7059K, committed 7744K, reserved 1048576K
}
Event: 41.638 GC heap after
{Heap after GC invocations=180 (full 3):
 PSYoungGen      total 6656K, used 288K [0x00000000d5580000, 0x00000000d5d00000, 0x0000000100000000)
  eden space 6144K, 0% used [0x00000000d5580000,0x00000000d5580000,0x00000000d5b80000)
  from space 512K, 56% used [0x00000000d5c00000,0x00000000d5c48000,0x00000000d5c80000)
  to   space 512K, 0% used [0x00000000d5c80000,0x00000000d5c80000,0x00000000d5d00000)
 ParOldGen       total 167424K, used 111437K [0x0000000080000000, 0x000000008a380000, 0x00000000d5580000)
  object space 167424K, 66% used [0x0000000080000000,0x0000000086cd3538,0x000000008a380000)
 Metaspace       used 65767K, committed 67264K, reserved 1114112K
  class space    used 7059K, committed 7744K, reserved 1048576K
}
Event: 41.734 GC heap before
{Heap before GC invocations=181 (full 3):
 PSYoungGen      total 6656K, used 6432K [0x00000000d5580000, 0x00000000d5d00000, 0x0000000100000000)
  eden space 6144K, 100% used [0x00000000d5580000,0x00000000d5b80000,0x00000000d5b80000)
  from space 512K, 56% used [0x00000000d5c00000,0x00000000d5c48000,0x00000000d5c80000)
  to   space 512K, 0% used [0x00000000d5c80000,0x00000000d5c80000,0x00000000d5d00000)
 ParOldGen       total 167424K, used 111437K [0x0000000080000000, 0x000000008a380000, 0x00000000d5580000)
  object space 167424K, 66% used [0x0000000080000000,0x0000000086cd3538,0x000000008a380000)
 Metaspace       used 66160K, committed 67648K, reserved 1114112K
  class space    used 7096K, committed 7744K, reserved 1048576K
}
Event: 41.737 GC heap after
{Heap after GC invocations=181 (full 3):
 PSYoungGen      total 5120K, used 511K [0x00000000d5580000, 0x00000000d6080000, 0x0000000100000000)
  eden space 4608K, 0% used [0x00000000d5580000,0x00000000d5580000,0x00000000d5a00000)
  from space 512K, 99% used [0x00000000d5c80000,0x00000000d5cffcb0,0x00000000d5d00000)
  to   space 2560K, 0% used [0x00000000d5a00000,0x00000000d5a00000,0x00000000d5c80000)
 ParOldGen       total 167424K, used 113068K [0x0000000080000000, 0x000000008a380000, 0x00000000d5580000)
  object space 167424K, 67% used [0x0000000080000000,0x0000000086e6b1e8,0x000000008a380000)
 Metaspace       used 66160K, committed 67648K, reserved 1114112K
  class space    used 7096K, committed 7744K, reserved 1048576K
}
Event: 41.886 GC heap before
{Heap before GC invocations=182 (full 3):
 PSYoungGen      total 5120K, used 5119K [0x00000000d5580000, 0x00000000d6080000, 0x0000000100000000)
  eden space 4608K, 100% used [0x00000000d5580000,0x00000000d5a00000,0x00000000d5a00000)
  from space 512K, 99% used [0x00000000d5c80000,0x00000000d5cffcb0,0x00000000d5d00000)
  to   space 2560K, 0% used [0x00000000d5a00000,0x00000000d5a00000,0x00000000d5c80000)
 ParOldGen       total 167424K, used 113068K [0x0000000080000000, 0x000000008a380000, 0x00000000d5580000)
  object space 167424K, 67% used [0x0000000080000000,0x0000000086e6b1e8,0x000000008a380000)
 Metaspace       used 66554K, committed 68096K, reserved 1114112K
  class space    used 7131K, committed 7808K, reserved 1048576K
}
Event: 41.889 GC heap after
{Heap after GC invocations=182 (full 3):
 PSYoungGen      total 5632K, used 672K [0x00000000d5580000, 0x00000000d5d00000, 0x0000000100000000)
  eden space 4608K, 0% used [0x00000000d5580000,0x00000000d5580000,0x00000000d5a00000)
  from space 1024K, 65% used [0x00000000d5a00000,0x00000000d5aa8000,0x00000000d5b00000)
  to   space 1536K, 0% used [0x00000000d5b80000,0x00000000d5b80000,0x00000000d5d00000)
 ParOldGen       total 167424K, used 113273K [0x0000000080000000, 0x000000008a380000, 0x00000000d5580000)
  object space 167424K, 67% used [0x0000000080000000,0x0000000086e9e478,0x000000008a380000)
 Metaspace       used 66554K, committed 68096K, reserved 1114112K
  class space    used 7131K, committed 7808K, reserved 1048576K
}

